This is pdfTeX, Version 3.1415926-1.40.10 (TeX Live 2009/Debian) (format=pdflatex 2014.4.2)  1 JAN 2015 14:26
entering extended mode
 %&-line parsing enabled.
**ProbStatBookShort.tex
(./ProbStatBookShort.tex
LaTeX2e <2009/09/24>
Babel <v3.8l> and hyphenation patterns for english, usenglishmax, dumylang, noh
yphenation, bulgarian, ukrainian, russian, romanian, irish, coptic, serbian, tu
rkish, welsh, esperanto, uppersorbian, estonian, indonesian, interlingua, icela
ndic, kurmanji, slovenian, loaded.
(/usr/share/texmf-texlive/tex/latex/base/book.cls
Document Class: book 2007/10/19 v1.4h Standard LaTeX document class
(/usr/share/texmf-texlive/tex/latex/base/bk11.clo
File: bk11.clo 2007/10/19 v1.4h Standard LaTeX file (size option)
)
\c@part=\count79
\c@chapter=\count80
\c@section=\count81
\c@subsection=\count82
\c@subsubsection=\count83
\c@paragraph=\count84
\c@subparagraph=\count85
\c@figure=\count86
\c@table=\count87
\abovecaptionskip=\skip41
\belowcaptionskip=\skip42
\bibindent=\dimen102
)
\@input{Includes/Includes.aux}
\openout2 = `Includes/Includes.aux'.

(./Includes/Includes.tex
(/usr/share/texmf-texlive/tex/latex/fancyvrb/fancyvrb.sty
Package: fancyvrb 2008/02/07

Style option: `fancyvrb' v2.7a, with DG/SPQR fixes, and firstline=lastline fix 
<2008/02/07> (tvz) (/usr/share/texmf-texlive/tex/latex/graphics/keyval.sty
Package: keyval 1999/03/16 v1.13 key=value parser (DPC)
\KV@toks@=\toks14
)
\FV@CodeLineNo=\count88
\FV@InFile=\read1
\FV@TabBox=\box26
\c@FancyVerbLine=\count89
\FV@StepNumber=\count90
\FV@OutFile=\write3
)
(/usr/share/texmf-texlive/tex/latex/ltxmisc/relsize.sty
Package: relsize 2003/07/04 ver 3.1
)
(/usr/share/texmf-texlive/tex/latex/hyperref/hyperref.sty
Package: hyperref 2009/10/09 v6.79a Hypertext links for LaTeX

(/usr/share/texmf-texlive/tex/generic/oberdiek/ifpdf.sty
Package: ifpdf 2009/04/10 v2.0 Provides the ifpdf switch (HO)
Package ifpdf Info: pdfTeX in pdf mode detected.
)
(/usr/share/texmf-texlive/tex/generic/oberdiek/ifvtex.sty
Package: ifvtex 2008/11/04 v1.4 Switches for detecting VTeX and its modes (HO)
Package ifvtex Info: VTeX not detected.
)
(/usr/share/texmf-texlive/tex/generic/ifxetex/ifxetex.sty
Package: ifxetex 2009/01/23 v0.5 Provides ifxetex conditional
)
(/usr/share/texmf-texlive/tex/latex/oberdiek/hycolor.sty
Package: hycolor 2009/10/02 v1.5 Code for color options of hyperref/bookmark (H
O)

(/usr/share/texmf-texlive/tex/latex/oberdiek/xcolor-patch.sty
Package: xcolor-patch 2009/10/02 xcolor patch
))
\@linkdim=\dimen103
\Hy@linkcounter=\count91
\Hy@pagecounter=\count92

(/usr/share/texmf-texlive/tex/latex/hyperref/pd1enc.def
File: pd1enc.def 2009/10/09 v6.79a Hyperref: PDFDocEncoding definition (HO)
)
(/usr/share/texmf-texlive/tex/generic/oberdiek/etexcmds.sty
Package: etexcmds 2007/12/12 v1.2 Prefix for e-TeX command names (HO)

(/usr/share/texmf-texlive/tex/generic/oberdiek/infwarerr.sty
Package: infwarerr 2007/09/09 v1.2 Providing info/warning/message (HO)
)
Package etexcmds Info: Could not find \expanded.
(etexcmds)             That can mean that you are not using pdfTeX 1.50 or
(etexcmds)             that some package has redefined \expanded.
(etexcmds)             In the latter case, load this package earlier.
)
(/usr/share/texmf-texlive/tex/latex/latexconfig/hyperref.cfg
File: hyperref.cfg 2002/06/06 v1.2 hyperref configuration of TeXLive
)
(/usr/share/texmf-texlive/tex/latex/oberdiek/kvoptions.sty
Package: kvoptions 2009/08/13 v3.4 Keyval support for LaTeX options (HO)

(/usr/share/texmf-texlive/tex/generic/oberdiek/kvsetkeys.sty
Package: kvsetkeys 2009/07/30 v1.5 Key value parser with default handler suppor
t (HO)
))
Package hyperref Info: Hyper figures OFF on input line 2975.
Package hyperref Info: Link nesting OFF on input line 2980.
Package hyperref Info: Hyper index ON on input line 2983.
Package hyperref Info: Plain pages OFF on input line 2990.
Package hyperref Info: Backreferencing OFF on input line 2995.

Implicit mode ON; LaTeX internals redefined
Package hyperref Info: Bookmarks ON on input line 3191.
(/usr/share/texmf-texlive/tex/latex/ltxmisc/url.sty
\Urlmuskip=\muskip10
Package: url 2006/04/12  ver 3.3  Verb mode for urls, etc.
)
LaTeX Info: Redefining \url on input line 3428.

(/usr/share/texmf-texlive/tex/generic/oberdiek/bitset.sty
Package: bitset 2007/09/28 v1.0 Data type bit set (HO)

(/usr/share/texmf-texlive/tex/generic/oberdiek/intcalc.sty
Package: intcalc 2007/09/27 v1.1 Expandable integer calculations (HO)
)
(/usr/share/texmf-texlive/tex/generic/oberdiek/bigintcalc.sty
Package: bigintcalc 2007/11/11 v1.1 Expandable big integer calculations (HO)

(/usr/share/texmf-texlive/tex/generic/oberdiek/pdftexcmds.sty
Package: pdftexcmds 2009/09/23 v0.6 LuaTeX support for pdfTeX utility functions
 (HO)

(/usr/share/texmf-texlive/tex/generic/oberdiek/ifluatex.sty
Package: ifluatex 2009/04/17 v1.2 Provides the ifluatex switch (HO)
Package ifluatex Info: LuaTeX not detected.
)
(/usr/share/texmf-texlive/tex/generic/oberdiek/ltxcmds.sty
Package: ltxcmds 2009/08/05 v1.0 Some LaTeX kernel commands for general use (HO
)
)
Package pdftexcmds Info: LuaTeX not detected.
Package pdftexcmds Info: \pdf@primitive is available.
Package pdftexcmds Info: \pdf@ifprimitive is available.
)))
\Fld@menulength=\count93
\Field@Width=\dimen104
\Fld@charsize=\dimen105
\Field@toks=\toks15
Package hyperref Info: Hyper figures OFF on input line 4377.
Package hyperref Info: Link nesting OFF on input line 4382.
Package hyperref Info: Hyper index ON on input line 4385.
Package hyperref Info: backreferencing OFF on input line 4392.
Package hyperref Info: Link coloring OFF on input line 4397.
Package hyperref Info: Link coloring with OCG OFF on input line 4402.
Package hyperref Info: PDF/A mode OFF on input line 4407.

(/usr/share/texmf-texlive/tex/generic/oberdiek/atbegshi.sty
Package: atbegshi 2008/07/31 v1.9 At begin shipout hook (HO)
)
\Hy@abspage=\count94
\c@Item=\count95
\c@Hfootnote=\count96
)
*hyperref using default driver hpdftex*
(/usr/share/texmf-texlive/tex/latex/hyperref/hpdftex.def
File: hpdftex.def 2009/10/09 v6.79a Hyperref driver for pdfTeX
\Fld@listcount=\count97
)
(/usr/share/texmf-texlive/tex/latex/graphics/graphicx.sty
Package: graphicx 1999/02/16 v1.0f Enhanced LaTeX Graphics (DPC,SPQR)

(/usr/share/texmf-texlive/tex/latex/graphics/graphics.sty
Package: graphics 2009/02/05 v1.0o Standard LaTeX Graphics (DPC,SPQR)

(/usr/share/texmf-texlive/tex/latex/graphics/trig.sty
Package: trig 1999/03/16 v1.09 sin cos tan (DPC)
)
(/etc/texmf/tex/latex/config/graphics.cfg
File: graphics.cfg 2009/08/28 v1.8 graphics configuration of TeX Live
)
Package graphics Info: Driver file: pdftex.def on input line 91.

(/usr/share/texmf-texlive/tex/latex/pdftex-def/pdftex.def
File: pdftex.def 2010/03/12 v0.04p Graphics/color for pdfTeX
\Gread@gobject=\count98
))
\Gin@req@height=\dimen106
\Gin@req@width=\dimen107
)
(/usr/share/texmf-texlive/tex/latex/graphics/color.sty
Package: color 2005/11/14 v1.0j Standard LaTeX Color (DPC)

(/etc/texmf/tex/latex/config/color.cfg
File: color.cfg 2007/01/18 v1.5 color configuration of teTeX/TeXLive
)
Package color Info: Driver file: pdftex.def on input line 130.
)
(/usr/share/texmf-texlive/tex/latex/listings/listings.sty
\lst@mode=\count99
\lst@gtempboxa=\box27
\lst@token=\toks16
\lst@length=\count100
\lst@currlwidth=\dimen108
\lst@column=\count101
\lst@pos=\count102
\lst@lostspace=\dimen109
\lst@width=\dimen110
\lst@newlines=\count103
\lst@lineno=\count104
\lst@maxwidth=\dimen111

(/usr/share/texmf-texlive/tex/latex/listings/lstmisc.sty
File: lstmisc.sty 2007/02/22 1.4 (Carsten Heinz)
\c@lstnumber=\count105
\lst@skipnumbers=\count106
\lst@framebox=\box28
)
(/usr/share/texmf-texlive/tex/latex/listings/listings.cfg
File: listings.cfg 2007/02/22 1.4 listings configuration
))
Package: listings 2007/02/22 1.4 (Carsten Heinz)

(/usr/share/texmf-texlive/tex/latex/amsmath/amsmath.sty
Package: amsmath 2000/07/18 v2.13 AMS math features
\@mathmargin=\skip43

For additional information on amsmath, use the `?' option.
(/usr/share/texmf-texlive/tex/latex/amsmath/amstext.sty
Package: amstext 2000/06/29 v2.01

(/usr/share/texmf-texlive/tex/latex/amsmath/amsgen.sty
File: amsgen.sty 1999/11/30 v2.0
\@emptytoks=\toks17
\ex@=\dimen112
))
(/usr/share/texmf-texlive/tex/latex/amsmath/amsbsy.sty
Package: amsbsy 1999/11/29 v1.2d
\pmbraise@=\dimen113
)
(/usr/share/texmf-texlive/tex/latex/amsmath/amsopn.sty
Package: amsopn 1999/12/14 v2.01 operator names
)
\inf@bad=\count107
LaTeX Info: Redefining \frac on input line 211.
\uproot@=\count108
\leftroot@=\count109
LaTeX Info: Redefining \overline on input line 307.
\classnum@=\count110
\DOTSCASE@=\count111
LaTeX Info: Redefining \ldots on input line 379.
LaTeX Info: Redefining \dots on input line 382.
LaTeX Info: Redefining \cdots on input line 467.
\Mathstrutbox@=\box29
\strutbox@=\box30
\big@size=\dimen114
LaTeX Font Info:    Redeclaring font encoding OML on input line 567.
LaTeX Font Info:    Redeclaring font encoding OMS on input line 568.
\macc@depth=\count112
\c@MaxMatrixCols=\count113
\dotsspace@=\muskip11
\c@parentequation=\count114
\dspbrk@lvl=\count115
\tag@help=\toks18
\row@=\count116
\column@=\count117
\maxfields@=\count118
\andhelp@=\toks19
\eqnshift@=\dimen115
\alignsep@=\dimen116
\tagshift@=\dimen117
\tagwidth@=\dimen118
\totwidth@=\dimen119
\lineht@=\dimen120
\@envbody=\toks20
\multlinegap=\skip44
\multlinetaggap=\skip45
\mathdisplay@stack=\toks21
LaTeX Info: Redefining \[ on input line 2666.
LaTeX Info: Redefining \] on input line 2667.
)
\c@theorem=\count119
\c@problemnum=\count120
)
(./ProbStatBookShort.aux (./Preface.aux)

LaTeX Warning: Label `sumsq' multiply defined.

)
\openout1 = `ProbStatBookShort.aux'.

LaTeX Font Info:    Checking defaults for OML/cmm/m/it on input line 5.
LaTeX Font Info:    ... okay on input line 5.
LaTeX Font Info:    Checking defaults for T1/cmr/m/n on input line 5.
LaTeX Font Info:    ... okay on input line 5.
LaTeX Font Info:    Checking defaults for OT1/cmr/m/n on input line 5.
LaTeX Font Info:    ... okay on input line 5.
LaTeX Font Info:    Checking defaults for OMS/cmsy/m/n on input line 5.
LaTeX Font Info:    ... okay on input line 5.
LaTeX Font Info:    Checking defaults for OMX/cmex/m/n on input line 5.
LaTeX Font Info:    ... okay on input line 5.
LaTeX Font Info:    Checking defaults for U/cmr/m/n on input line 5.
LaTeX Font Info:    ... okay on input line 5.
LaTeX Font Info:    Checking defaults for PD1/pdf/m/n on input line 5.
LaTeX Font Info:    ... okay on input line 5.
Package hyperref Info: Link coloring OFF on input line 5.
 (/usr/share/texmf-texlive/tex/latex/hyperref/nameref.sty
Package: nameref 2007/05/29 v2.31 Cross-referencing by name of section

(/usr/share/texmf-texlive/tex/latex/oberdiek/refcount.sty
Package: refcount 2008/08/11 v3.1 Data extraction from references (HO)
)
\c@section@level=\count121
)
LaTeX Info: Redefining \ref on input line 5.
LaTeX Info: Redefining \pageref on input line 5.

(./ProbStatBookShort.out) (./ProbStatBookShort.out)
\@outlinefile=\write4
\openout4 = `ProbStatBookShort.out'.

\AtBeginShipoutBox=\box31

(/usr/share/texmf-texlive/tex/context/base/supp-pdf.mkii
[Loading MPS to PDF converter (version 2006.09.02).]
\scratchcounter=\count122
\scratchdimen=\dimen121
\scratchbox=\box32
\nofMPsegments=\count123
\nofMParguments=\count124
\everyMPshowfont=\toks22
\MPscratchCnt=\count125
\MPscratchDim=\dimen122
\MPnumerator=\count126
\everyMPtoPDFconversion=\toks23
)
\c@lstlisting=\count127
 (./Cover.tex
\GPT@outputbox=\box33
LaTeX Font Info:    Font shape `OT1/cmtt/bx/n' in size <12> not available
(Font)              Font shape `OT1/cmtt/m/n' tried instead on input line 36.

Overfull \hbox (73.16452pt too wide) in paragraph at lines 27--42
[][]   [] 
 []

<Bell.pdf, id=1739, 433.62pt x 433.62pt>
File: Bell.pdf Graphic file (type pdf)
 <use Bell.pdf>) [1



{/var/lib/texmf/fonts/map/pdftex/updmap/pdftex.map} <./Bell.pdf>] (../../MiscPL
N/AuthorBio.tex)
[2] (./ProbStatBookShort.toc
Underfull \vbox (badness 4144) has occurred while \output is active []

 [1


]
[2] [3] [4] [5] [6] [7]
Underfull \vbox (badness 3168) has occurred while \output is active []

 [8]
[9] [10] [11]
Underfull \vbox (badness 7759) has occurred while \output is active []

 [12]
Underfull \vbox (badness 3168) has occurred while \output is active []

 [13]
[14]
Underfull \vbox (badness 3108) has occurred while \output is active []

 [15]
Underfull \vbox (badness 3168) has occurred while \output is active []

 [16]
Underfull \vbox (badness 3168) has occurred while \output is active []

 [17])
\tf@toc=\write5
\openout5 = `ProbStatBookShort.toc'.


[18]
\openout2 = `Preface.aux'.

 (./Preface.tex
Underfull \vbox (badness 10000) has occurred while \output is active []

 [19


]

LaTeX Warning: Reference `conmarkov' on page xx undefined on input line 77.


LaTeX Warning: Reference `chap:mix' on page xx undefined on input line 78.


LaTeX Warning: Reference `mar' on page xx undefined on input line 79.


LaTeX Warning: Reference `haz' on page xx undefined on input line 80.


LaTeX Warning: Reference `chap:mod' on page xx undefined on input line 82.


LaTeX Warning: Reference `chap:among' on page xx undefined on input line 86.

) [20] (./Intro.tex
Chapter 1.
LaTeX Font Info:    Try loading font information for OMS+cmr on input line 34.
(/usr/share/texmf-texlive/tex/latex/base/omscmr.fd
File: omscmr.fd 1999/05/25 v2.5h Standard LaTeX font definitions
)
LaTeX Font Info:    Font shape `OMS/cmr/m/n' in size <10.95> not available
(Font)              Font shape `OMS/cmsy/m/n' tried instead on input line 34.
pdfTeX warning (ext4): destination with the same identifier (name{page.1}) has 
been already used, duplicate ignored
<to be read again> 
                   \relax 
l.45 \item S
            tatistics is used to determine whether a new medical treatment is
[1



]) (./ProbCalc.texpdfTeX warning (ext4): destination with the same identifier (
name{page.2}) has been already used, duplicate ignored
<to be read again> 
                   \relax 
l.1 \chapter
            {Basic Probability Models} [2]
Chapter 2.
[3

] [4] [5] [6] [7] [8] [9] [10] [11] [12] [13] [14] [15] [16] [17] [18]
[19] [20] [21] [22] [23]
Underfull \hbox (badness 10000) in paragraph at lines 1251--1251
[][][]\OT1/cmr/m/n/9 You can mea-sure times us-ing R's \OT1/cmr/bx/n/9 sys-tem.
time() \OT1/cmr/m/n/9 func-tion, e.g. via the call \OT1/cmr/bx/n/9 sys-
 []

LaTeX Font Info:    Try loading font information for OML+cmr on input line 1263
.
(/usr/share/texmf-texlive/tex/latex/base/omlcmr.fd
File: omlcmr.fd 1999/05/25 v2.5h Standard LaTeX font definitions
)
LaTeX Font Info:    Font shape `OML/cmr/m/n' in size <10.95> not available
(Font)              Font shape `OML/cmm/m/it' tried instead on input line 1263.

 [24] [25] [26] [27]
[28] [29]
Underfull \vbox (badness 10000) has occurred while \output is active []

 [30]
[31] [32] [33] [34]) (./DiscreteProb.tex [35] [36

]
Chapter 3.
LaTeX Font Info:    Font shape `OMS/cmr/m/n' in size <9> not available
(Font)              Font shape `OMS/cmsy/m/n' tried instead on input line 36.
[37] [38] [39]

Package hyperref Warning: Token not allowed in a PDF string (PDFDocEncoding):
(hyperref)                removing `math shift' on input line 166.


Package hyperref Warning: Token not allowed in a PDF string (PDFDocEncoding):
(hyperref)                removing `\@@underline' on input line 166.


Package hyperref Warning: Token not allowed in a PDF string (PDFDocEncoding):
(hyperref)                removing `\hbox' on input line 166.


Package hyperref Warning: Token not allowed in a PDF string (PDFDocEncoding):
(hyperref)                removing `\mathsurround' on input line 166.


Package hyperref Warning: Token not allowed in a PDF string (PDFDocEncoding):
(hyperref)                removing `\z@' on input line 166.


Package hyperref Warning: Token not allowed in a PDF string (PDFDocEncoding):
(hyperref)                removing `math shift' on input line 166.


Underfull \vbox (badness 3895) has occurred while \output is active []

 [40]
[41] [42] [43] [44]

LaTeX Warning: Reference `theyfactor' on page 45 undefined on input line 454.

[45] [46]
Underfull \vbox (badness 10000) has occurred while \output is active []

 [47]
[48] [49]

LaTeX Warning: Reference `elegant' on page 50 undefined on input line 763.

[50] [51] [52]

LaTeX Warning: Reference `mul' on page 53 undefined on input line 887.


LaTeX Warning: Reference `elegant' on page 53 undefined on input line 928.

[53] [54] [55] [56] [57]
Overfull \hbox (13.84538pt too wide) detected at line 1197
\OML/cmm/m/it/10.95 Var\OT1/cmr/m/n/10.95 (\OML/cmm/m/it/10.95 Y \OMS/cmsy/m/n/
10.95 ^^@ \OML/cmm/m/it/10.95 X\OT1/cmr/m/n/10.95 ) = \OML/cmm/m/it/10.95 Var\O
T1/cmr/m/n/10.95 [\OML/cmm/m/it/10.95 Y \OT1/cmr/m/n/10.95 + (\OMS/cmsy/m/n/10.
95 ^^@\OML/cmm/m/it/10.95 X\OT1/cmr/m/n/10.95 )] = \OML/cmm/m/it/10.95 Var\OT1/
cmr/m/n/10.95 (\OML/cmm/m/it/10.95 Y\OT1/cmr/m/n/10.95 ) + \OML/cmm/m/it/10.95 
Var\OT1/cmr/m/n/10.95 (\OMS/cmsy/m/n/10.95 ^^@\OML/cmm/m/it/10.95 X\OT1/cmr/m/n
/10.95 ) + 2\OML/cmm/m/it/10.95 Cov\OT1/cmr/m/n/10.95 (\OML/cmm/m/it/10.95 Y; \
OMS/cmsy/m/n/10.95 ^^@\OML/cmm/m/it/10.95 X\OT1/cmr/m/n/10.95 ) = \OML/cmm/m/it
/10.95 Var\OT1/cmr/m/n/10.95 (\OML/cmm/m/it/10.95 Y\OT1/cmr/m/n/10.95 ) + \OML/
cmm/m/it/10.95 Var\OT1/cmr/m/n/10.95 (\OML/cmm/m/it/10.95 X\OT1/cmr/m/n/10.95 )
 \OMS/cmsy/m/n/10.95 ^^@ \OT1/cmr/m/n/10.95 2\OML/cmm/m/it/10.95 Cov\OT1/cmr/m/
n/10.95 (\OML/cmm/m/it/10.95 X; Y\OT1/cmr/m/n/10.95 )
 []

[58] [59] [60]
Underfull \vbox (badness 5331) has occurred while \output is active []

 [61]
<Parabs.pdf, id=2881, 505.89pt x 505.89pt>
File: Parabs.pdf Graphic file (type pdf)
 <use Parabs.pdf>
Underfull \vbox (badness 10000) has occurred while \output is active []

 [62 <./Parabs.pdf>]

LaTeX Font Warning: Command \large invalid in math mode on input line 1445.


LaTeX Font Warning: Command \large invalid in math mode on input line 1445.

LaTeX Font Info:    Calculating math sizes for size <> on input line 1446.

LaTeX Font Warning: Font shape `OT1/cmr/m/n' in size <> not available
(Font)              size <5> substituted on input line 1446.


LaTeX Font Warning: Font shape `OT1/cmr/m/n' in size <0.7> not available
(Font)              size <5> substituted on input line 1446.


LaTeX Font Warning: Font shape `OT1/cmr/m/n' in size <0.5> not available
(Font)              size <5> substituted on input line 1446.


LaTeX Font Warning: Font shape `OML/cmm/m/it' in size <> not available
(Font)              size <5> substituted on input line 1446.


LaTeX Font Warning: Font shape `OML/cmm/m/it' in size <0.7> not available
(Font)              size <5> substituted on input line 1446.


LaTeX Font Warning: Font shape `OML/cmm/m/it' in size <0.5> not available
(Font)              size <5> substituted on input line 1446.


LaTeX Font Warning: Font shape `OMS/cmsy/m/n' in size <> not available
(Font)              size <5> substituted on input line 1446.


LaTeX Font Warning: Font shape `OMS/cmsy/m/n' in size <0.7> not available
(Font)              size <5> substituted on input line 1446.


LaTeX Font Warning: Font shape `OMS/cmsy/m/n' in size <0.5> not available
(Font)              size <5> substituted on input line 1446.

[63] [64] [65] [66] [67] [68] [69]
Missing character: There is no „ in font cmr10!
Missing character: There is no Ä in font cmr10!
Missing character: There is no Ç in font cmr10!
 [70] [71] [72] [73] [74] [75] [76] [77]
[78] [79] [80]

LaTeX Warning: Reference `marblepmf' on page 81 undefined on input line 2407.


LaTeX Warning: Reference `mul' on page 81 undefined on input line 2408.

[81] [82]
Underfull \vbox (badness 3302) has occurred while \output is active []

 [83]
[84] [85] [86] [87]
LaTeX Font Info:    Font shape `OMS/cmr/m/it' in size <10.95> not available
(Font)              Font shape `OMS/cmsy/m/n' tried instead on input line 2836.

 [88] [89] [90] [91] [92]) (./DisMarkovIntro.tex [93]
[94

]
Chapter 4.

LaTeX Warning: Reference `mar' on page 95 undefined on input line 5.


LaTeX Warning: Reference ` containshidden' on page 95 undefined on input line 3
6.

[95] [96]

LaTeX Warning: Reference `discpi' on page 97 undefined on input line 98.


Package hyperref Warning: Token not allowed in a PDF string (PDFDocEncoding):
(hyperref)                removing `math shift' on input line 129.


Package hyperref Warning: Token not allowed in a PDF string (PDFDocEncoding):
(hyperref)                removing `\pi' on input line 129.


Package hyperref Warning: Token not allowed in a PDF string (PDFDocEncoding):
(hyperref)                removing `math shift' on input line 129.


LaTeX Warning: Reference `mar' on page 97 undefined on input line 131.


LaTeX Warning: Reference `solvbal' on page 97 undefined on input line 149.

[97] [98] [99]
Overfull \hbox (1.68352pt too wide) in paragraph at lines 284--287
[]\OT1/cmr/m/n/10.95 The cen-tral point here is that the past his-tory of the s
ystem---i.e. the val-ues of $\OML/cmm/m/it/10.95 X[]; X[]; X[]; []X[]$\OT1/cmr/
m/n/10.95 ---
 []

[100] [101] [102] [103]) (./ContinProb.tex [104]
Chapter 5.
[105

] [106] <FD.pdf, id=3344, 433.62pt x 433.62pt>
File: FD.pdf Graphic file (type pdf)
 <use FD.pdf> [107]
<FZ.pdf, id=3356, 433.62pt x 433.62pt>
File: FZ.pdf Graphic file (type pdf)
 <use FZ.pdf>
Underfull \vbox (badness 10000) has occurred while \output is active []

 [108 <./FD.pdf>]
Overfull \hbox (6.79999pt too wide) in paragraph at lines 205--206
[] 
 []


Underfull \vbox (badness 10000) has occurred while \output is active []

 [109 <./FZ.pdf>]
Underfull \vbox (badness 2142) has occurred while \output is active []

 [110]
<PlusMinusC.pdf, id=3386, 433.62pt x 433.62pt>
File: PlusMinusC.pdf Graphic file (type pdf)
 <use PlusMinusC.pdf> [111]
[112 <./PlusMinusC.pdf>] [113] [114]
Underfull \vbox (badness 7133) has occurred while \output is active []

 [115]
[116] [117] [118] [119] [120] [121] [122] [123]
<Gamma.pdf, id=3540, 433.62pt x 433.62pt>
File: Gamma.pdf Graphic file (type pdf)
 <use Gamma.pdf> [124] [125 <./Gamma.pdf>] <Beta.pdf, id=3561, 505.89pt x 505.8
9pt>
File: Beta.pdf Graphic file (type pdf)
 <use Beta.pdf>
Underfull \vbox (badness 6428) has occurred while \output is active []

 [126 <./Beta.pdf>]

LaTeX Warning: Reference `chap:mod' on page 127 undefined on input line 1049.

[127] [128] [129]

LaTeX Warning: Reference `mul' on page 130 undefined on input line 1180.

[130] [131]
Overfull \hbox (68.78073pt too wide) in paragraph at lines 1338--1343
[]\OT1/cmr/bx/n/10.95 9\OT1/cmr/m/n/10.95 . Fill in the blank: Den-sity func-ti
ons for con-tin-u-ous ran-dom vari-ables are analogs of the [][][][][][][][][][
][][][][][][][][][][][][][][][][][][][][][]
 []

) (./NormalFamily.tex [132] [133] [134

]
Chapter 6.
[135]

LaTeX Warning: Reference `convolution' on page 136 undefined on input line 77.

[136] [137] [138]
Underfull \vbox (badness 10000) has occurred while \output is active []

 [139]
[140] [141] [142] [143] [144]
Overfull \hbox (3.61862pt too wide) in paragraph at lines 537--541
[]\OT1/cmr/m/n/10.95 There are many on-line sim-u-la-tions of this mu-seum demo
n-stra-tion, such as []$\OT1/cmtt/m/n/10.95 http : / / www . mathsisfun .
 []


LaTeX Warning: Reference `mul' on page 145 undefined on input line 568.


Underfull \vbox (badness 6842) has occurred while \output is active []

 [145]
Underfull \vbox (badness 3735) has occurred while \output is active []

 [146]
[147]) (./ExponDistr.tex [148]
Chapter 7.
[149

]
Underfull \hbox (badness 10000) in paragraph at lines 97--98

 []

[150] [151] [152]
Overfull \hbox (79.00575pt too wide) has occurred while \output is active
\OT1/cmr/m/sl/10.95 7.3.  EXAMPLE: MINIMA OF INDEPENDENT EXPONENTIALLY DISTRIBU
TED RANDOM VARIABLES \OT1/cmr/m/n/10.95 153
 []

[153]

LaTeX Warning: Reference `minunif' on page 154 undefined on input line 275.


Underfull \hbox (badness 10000) in paragraph at lines 308--309

 []

[154]
Overfull \hbox (79.00575pt too wide) has occurred while \output is active
\OT1/cmr/m/sl/10.95 7.3.  EXAMPLE: MINIMA OF INDEPENDENT EXPONENTIALLY DISTRIBU
TED RANDOM VARIABLES \OT1/cmr/m/n/10.95 155
 []

[155]
Underfull \hbox (badness 10000) in paragraph at lines 372--373

 []


LaTeX Warning: Reference `conmarkov' on page 156 undefined on input line 381.


LaTeX Warning: Reference `conmarkov' on page 156 undefined on input line 401.


Underfull \vbox (badness 10000) has occurred while \output is active []

 [156]
[157]
Underfull \vbox (badness 1107) has occurred while \output is active []

 [158]
[159]) (./StopAndReview.tex [160]
Chapter 8.
[161

] [162] [163] [164]) (./RandVecs.tex [165] [166

]
Chapter 9.

Underfull \vbox (badness 1024) has occurred while \output is active []

 [167]
[168] [169] [170] [171]

LaTeX Warning: Reference `mvnormdens' on page 172 undefined on input line 322.

[172] [173] [174] [175] [176] [177] [178]

LaTeX Warning: Reference `multnormal' on page 179 undefined on input line 729.

[179] [180]

LaTeX Warning: Reference `multnormal' on page 181 undefined on input line 870.

[181] [182] [183] [184]
Missing character: There is no √ in font cmr10!
Missing character: There is no è in font cmr10!
 [185]) (./StatPrologue.tex [186]
Chapter 10.
[187

] [188] [189] [190] [191]

Package hyperref Warning: Token not allowed in a PDF string (PDFDocEncoding):
(hyperref)                removing `math shift' on input line 338.


Package hyperref Warning: Token not allowed in a PDF string (PDFDocEncoding):
(hyperref)                removing `\sigma' on input line 338.


Package hyperref Warning: Token not allowed in a PDF string (PDFDocEncoding):
(hyperref)                removing `superscript' on input line 338.


Package hyperref Warning: Token not allowed in a PDF string (PDFDocEncoding):
(hyperref)                removing `math shift' on input line 338.

[192] [193]) (./ConfInts.tex [194]
Chapter 11.
[195

] [196]

LaTeX Warning: Reference `slutsky' on page 197 undefined on input line 134.

[197] [198] [199] [200] [201] [202]
Underfull \vbox (badness 10000) has occurred while \output is active []

 [203]
[204]

LaTeX Warning: Reference `delta' on page 205 undefined on input line 679.


Overfull \hbox (127.7461pt too wide) has occurred while \output is active
\OT1/cmr/m/sl/10.95 11.5.  GENERAL FORMATION OF CONFIDENCE INTERVALS FROM APPRO
XIMATELY NORMAL ESTIMATORS \OT1/cmr/m/n/10.95 205
 []

[205] [206] [207] [208] [209] [210]

LaTeX Warning: Reference `propcov' on page 211 undefined on input line 1044.

[211] [212] [213]
Overfull \hbox (21.89581pt too wide) in paragraph at lines 1236--1242
\OT1/cmr/m/n/10.95 base-ball play-ers, at []$\OT1/cmtt/m/n/10.95 http : / / wik
i . stat . ucla . edu / socr / index . php / SOCR _ Data _ MLB _ HeightsWeights
$[]\OT1/cmr/m/n/10.95 .
 []


Overfull \hbox (29.5702pt too wide) in paragraph at lines 1249--1250
[][][][][][][][][][][][][][][][][][][][][][][][][][][][][][][][][][][][][][][]
 []

[214] [215] [216] [217] [218] [219] [220] [221]) (./SigTests.tex [222]
Chapter 12.
[223

] [224] [225] [226]

Package hyperref Warning: Token not allowed in a PDF string (PDFDocEncoding):
(hyperref)                removing `math shift' on input line 276.


Package hyperref Warning: Token not allowed in a PDF string (PDFDocEncoding):
(hyperref)                removing `subscript' on input line 276.


Package hyperref Warning: Token not allowed in a PDF string (PDFDocEncoding):
(hyperref)                removing `math shift' on input line 276.


Underfull \vbox (badness 10000) has occurred while \output is active []

 [227]
[228] [229] [230]

Package hyperref Warning: Token not allowed in a PDF string (PDFDocEncoding):
(hyperref)                removing `math shift' on input line 497.


Package hyperref Warning: Token not allowed in a PDF string (PDFDocEncoding):
(hyperref)                removing `subscript' on input line 497.


Package hyperref Warning: Token not allowed in a PDF string (PDFDocEncoding):
(hyperref)                removing `math shift' on input line 497.


Overfull \hbox (30.63434pt too wide) in alignment at lines 509--526
 [][][] []
 []


Underfull \vbox (badness 10000) has occurred while \output is active []

 [231]
Overfull \hbox (55.54778pt too wide) in paragraph at lines 528--534
[]\OT1/cmr/m/n/10.95 Through our mod-el-ing pro-cess, e.g. the dis-cus-sion sur
-round-ing ([]12.4[]), we can cal-cu-late $\OML/cmm/m/it/10.95 P\OT1/cmr/m/n/10
.95 ([] []\OMS/cmsy/m/n/10.95 j []\OML/cmm/m/it/10.95 H[][]\OT1/cmr/m/n/10.95 )
$.
 []

[232]
Overfull \hbox (6.07927pt too wide) has occurred while \output is active
\OT1/cmr/m/sl/10.95 12.11.  WHAT'S WRONG WITH SIGNIFICANCE TESTING---AND WHAT T
O DO INSTEAD \OT1/cmr/m/n/10.95 233
 []

[233] [234]
Overfull \hbox (6.07927pt too wide) has occurred while \output is active
\OT1/cmr/m/sl/10.95 12.11.  WHAT'S WRONG WITH SIGNIFICANCE TESTING---AND WHAT T
O DO INSTEAD \OT1/cmr/m/n/10.95 235
 []

[235] [236]

LaTeX Warning: Reference `chap:mod' on page 237 undefined on input line 831.


Underfull \vbox (badness 7869) has occurred while \output is active []


Overfull \hbox (6.07927pt too wide) has occurred while \output is active
\OT1/cmr/m/sl/10.95 12.11.  WHAT'S WRONG WITH SIGNIFICANCE TESTING---AND WHAT T
O DO INSTEAD \OT1/cmr/m/n/10.95 237
 []

[237]) (./Est.tex [238]
Chapter 13.
[239

] [240] [241] [242] [243] [244] [245] [246]

LaTeX Warning: Reference `delta' on page 247 undefined on input line 481.

[247]

Package hyperref Warning: Token not allowed in a PDF string (PDFDocEncoding):
(hyperref)                removing `math shift' on input line 529.


Package hyperref Warning: Token not allowed in a PDF string (PDFDocEncoding):
(hyperref)                removing `superscript' on input line 529.


Package hyperref Warning: Token not allowed in a PDF string (PDFDocEncoding):
(hyperref)                removing `math shift' on input line 529.

[248] [249] [250] [251] [252]

LaTeX Warning: Reference `chap:mod' on page 253 undefined on input line 811.

[253] [254]

LaTeX Warning: Reference `gof' on page 255 undefined on input line 1060.

[255] [256]
Overfull \hbox (14.08356pt too wide) in paragraph at lines 1186--1189
\OT1/cmr/m/n/10.95 Though many statis-ti-cians, es-pe-cially aca-demics, are st
aunch, of-ten mil-i-tantly pros-e-ly-tiz-ing, Bayesians,
 []

[257]
Underfull \vbox (badness 10000) has occurred while \output is active []

 [258]
[259] [260] [261]) (./NonparDens.tex [262]
Chapter 14.

Underfull \vbox (badness 1163) has occurred while \output is active []

 [263

]
Overfull \hbox (12.16745pt too wide) has occurred while \output is active
\OT1/cmr/m/n/10.95 264 \OT1/cmr/m/sl/10.95 CHAPTER 14.  HISTOGRAMS AND BEYOND: 
NONPARAMETRIC DENSITY ESTIMATION
 []

[264] [265]
Overfull \hbox (37.23506pt too wide) in paragraph at lines 278--279
[][][][][][][][][][][][][][][][][][][][][][][][][] 
 []

<BaseballWtBWDefault.jpg, id=5062, 481.8pt x 481.8pt>
File: BaseballWtBWDefault.jpg Graphic file (type jpg)

<use BaseballWtBWDefault.jpg> <BaseballWtBW10.jpg, id=5063, 481.8pt x 481.8pt>
File: BaseballWtBW10.jpg Graphic file (type jpg)

<use BaseballWtBW10.jpg> <BaseballWtAll.jpg, id=5064, 481.8pt x 481.8pt>
File: BaseballWtAll.jpg Graphic file (type jpg)

<use BaseballWtAll.jpg>
<BaseballWtAllPlusCatchers.jpg, id=5065, 481.8pt x 481.8pt>
File: BaseballWtAllPlusCatchers.jpg Graphic file (type jpg)

<use BaseballWtAllPlusCatchers.jpg>
Overfull \hbox (12.16745pt too wide) has occurred while \output is active
\OT1/cmr/m/n/10.95 266 \OT1/cmr/m/sl/10.95 CHAPTER 14.  HISTOGRAMS AND BEYOND: 
NONPARAMETRIC DENSITY ESTIMATION
 []

[266] [267 <./BaseballWtBWDefault.jpg>]
Overfull \hbox (12.16745pt too wide) has occurred while \output is active
\OT1/cmr/m/n/10.95 268 \OT1/cmr/m/sl/10.95 CHAPTER 14.  HISTOGRAMS AND BEYOND: 
NONPARAMETRIC DENSITY ESTIMATION
 []

[268 <./BaseballWtBW10.jpg>] [269 <./BaseballWtAll.jpg>]
Underfull \vbox (badness 1132) has occurred while \output is active []


Overfull \hbox (12.16745pt too wide) has occurred while \output is active
\OT1/cmr/m/n/10.95 270 \OT1/cmr/m/sl/10.95 CHAPTER 14.  HISTOGRAMS AND BEYOND: 
NONPARAMETRIC DENSITY ESTIMATION
 []

[270 <./BaseballWtAllPlusCatchers.jpg>]
<Alias.jpg, id=5125, 481.8pt x 481.8pt>
File: Alias.jpg Graphic file (type jpg)
 <use Alias.jpg>
Underfull \vbox (badness 3333) has occurred while \output is active []

 [271 <./Alias.jpg>] <EmpCDF.pdf, id=5137, 433.62pt x 433.62pt>
File: EmpCDF.pdf Graphic file (type pdf)
 <use EmpCDF.pdf>

LaTeX Warning: Reference `hf' on page 272 undefined on input line 521.


Overfull \hbox (12.16745pt too wide) has occurred while \output is active
\OT1/cmr/m/n/10.95 272 \OT1/cmr/m/sl/10.95 CHAPTER 14.  HISTOGRAMS AND BEYOND: 
NONPARAMETRIC DENSITY ESTIMATION
 []

[272 <./EmpCDF.pdf>]) (./SimultanInfer.tex [273]
Overfull \hbox (12.16745pt too wide) has occurred while \output is active
\OT1/cmr/m/n/10.95 274 \OT1/cmr/m/sl/10.95 CHAPTER 14.  HISTOGRAMS AND BEYOND: 
NONPARAMETRIC DENSITY ESTIMATION
 []

[274

]
Chapter 15.

Underfull \vbox (badness 10000) has occurred while \output is active []

 [275]
[276] [277] [278]) (./LinReg.tex [279] [280

]
Chapter 16.
[281]
Overfull \hbox (4.45274pt too wide) in paragraph at lines 81--81
[]\OT1/cmr/bx/n/14.4 Example Ap-pli-ca-tions: Soft-ware En-gi-neer-ing, Net-wor
ks, Text
 []

[282] [283]

LaTeX Warning: Reference `marblepmf' on page 284 undefined on input line 219.

[284]
Underfull \vbox (badness 4353) has occurred while \output is active []

 [285]

LaTeX Warning: Reference `dfd' on page 286 undefined on input line 305.

[286] [287] [288]

LaTeX Warning: Reference `chap:mod' on page 289 undefined on input line 451.

[289]
Missing character: There is no ‚ in font cmr10!
Missing character: There is no Ä in font cmr10!
Missing character: There is no ò in font cmr10!
Missing character: There is no ‚ in font cmr10!
Missing character: There is no Ä in font cmr10!
Missing character: There is no ô in font cmr10!
Missing character: There is no ‚ in font cmr10!
Missing character: There is no Ä in font cmr10!
Missing character: There is no ò in font cmr10!
Missing character: There is no ‚ in font cmr10!
Missing character: There is no Ä in font cmr10!
Missing character: There is no ô in font cmr10!
Missing character: There is no ‚ in font cmr10!
Missing character: There is no Ä in font cmr10!
Missing character: There is no ò in font cmr10!
Missing character: There is no ‚ in font cmr10!
Missing character: There is no Ä in font cmr10!
Missing character: There is no ô in font cmr10!
Missing character: There is no ‚ in font cmr10!
Missing character: There is no Ä in font cmr10!
Missing character: There is no ò in font cmr10!
Missing character: There is no ‚ in font cmr10!
Missing character: There is no Ä in font cmr10!
Missing character: There is no ô in font cmr10!
Missing character: There is no ‚ in font cmr10!
Missing character: There is no Ä in font cmr10!
Missing character: There is no ò in font cmr10!
Missing character: There is no ‚ in font cmr10!
Missing character: There is no Ä in font cmr10!
Missing character: There is no ô in font cmr10!

Overfull \hbox (68.99062pt too wide) in paragraph at lines 495--497
[][][][][][][][][][][][][][][][][][][][][][][][][][][][][][][][][][][][][][][][
][][] 
 []

[290] [291] [292]
Missing character: There is no ‚ in font cmr10!
Missing character: There is no Ä in font cmr10!
Missing character: There is no ò in font cmr10!
Missing character: There is no ‚ in font cmr10!
Missing character: There is no Ä in font cmr10!
Missing character: There is no ô in font cmr10!
Missing character: There is no ‚ in font cmr10!
Missing character: There is no Ä in font cmr10!
Missing character: There is no ò in font cmr10!
Missing character: There is no ‚ in font cmr10!
Missing character: There is no Ä in font cmr10!
Missing character: There is no ô in font cmr10!
Missing character: There is no ‚ in font cmr10!
Missing character: There is no Ä in font cmr10!
Missing character: There is no ò in font cmr10!
Missing character: There is no ‚ in font cmr10!
Missing character: There is no Ä in font cmr10!
Missing character: There is no ô in font cmr10!
Missing character: There is no ‚ in font cmr10!
Missing character: There is no Ä in font cmr10!
Missing character: There is no ò in font cmr10!
Missing character: There is no ‚ in font cmr10!
Missing character: There is no Ä in font cmr10!
Missing character: There is no ô in font cmr10!
Missing character: There is no ‚ in font cmr10!
Missing character: There is no Ä in font cmr10!
Missing character: There is no ò in font cmr10!
Missing character: There is no ‚ in font cmr10!
Missing character: There is no Ä in font cmr10!
Missing character: There is no ô in font cmr10!

Overfull \hbox (68.99062pt too wide) in paragraph at lines 705--707
[][][][][][][][][][][][][][][][][][][][][][][][][][][][][][][][][][][][][][][][
][][] 
 []

[293] [294]
Underfull \vbox (badness 1603) has occurred while \output is active []

 [295]
[296] [297] [298]
Underfull \vbox (badness 3098) has occurred while \output is active []

 [299]
[300] [301] [302]
Overfull \hbox (36.14027pt too wide) in paragraph at lines 1719--1720
[][][][][][][][][][][][][][][][][][][][][][] 
 []


Overfull \hbox (29.5702pt too wide) in paragraph at lines 1727--1728
[][][][][][][][][][][][][][][][][][][][][][][][][][][][][][] 
 []


Overfull \hbox (62.42055pt too wide) in paragraph at lines 1738--1740
[][][][][][][][][][][][][][][][][][][][][][][][][][][][][][][] 
 []

Missing character: There is no ‚ in font cmr10!
Missing character: There is no Ä in font cmr10!
Missing character: There is no ò in font cmr10!
Missing character: There is no ‚ in font cmr10!
Missing character: There is no Ä in font cmr10!
Missing character: There is no ô in font cmr10!
Missing character: There is no ‚ in font cmr10!
Missing character: There is no Ä in font cmr10!
Missing character: There is no ò in font cmr10!
Missing character: There is no ‚ in font cmr10!
Missing character: There is no Ä in font cmr10!
Missing character: There is no ô in font cmr10!
Missing character: There is no ‚ in font cmr10!
Missing character: There is no Ä in font cmr10!
Missing character: There is no ò in font cmr10!
Missing character: There is no ‚ in font cmr10!
Missing character: There is no Ä in font cmr10!
Missing character: There is no ô in font cmr10!
Missing character: There is no ‚ in font cmr10!
Missing character: There is no Ä in font cmr10!
Missing character: There is no ò in font cmr10!
Missing character: There is no ‚ in font cmr10!
Missing character: There is no Ä in font cmr10!
Missing character: There is no ô in font cmr10!
Missing character: There is no ‚ in font cmr10!
Missing character: There is no Ä in font cmr10!
Missing character: There is no ò in font cmr10!
Missing character: There is no ‚ in font cmr10!
Missing character: There is no Ä in font cmr10!
Missing character: There is no ô in font cmr10!

Overfull \hbox (68.99062pt too wide) in paragraph at lines 1757--1759
[][][][][][][][][][][][][][][][][][][][][][][][][][][][][][][][][][][][][][][][
][][] 
 []

[303] [304] [305]
Overfull \hbox (0.93039pt too wide) in paragraph at lines 1905--1906
[][]$\OT1/cmtt/m/n/10.95 http : / / statsinthewild . wordpress . com / 2012 / 0
8 / 23 / mere-[]mortals-[]retract-[]this-[]article/$[]\OT1/cmr/m/n/10.95 . 
 []


LaTeX Warning: Reference `chap:mod' on page 306 undefined on input line 2020.


LaTeX Warning: Reference `chap:mod' on page 306 undefined on input line 2034.

[306]

LaTeX Warning: Reference `biasvvariance' on page 307 undefined on input line 20
55.

[307]
Overfull \hbox (4.55289pt too wide) in paragraph at lines 2145--2149
\OT1/cmr/m/n/10.95 So, we typ-i-cally must dis-card some, maybe many, of our pr
e-dic-tor vari-ables. In the weight/height/age
 []

[308]

LaTeX Warning: Reference `chisqgof' on page 309 undefined on input line 2194.

[309] [310]
Underfull \vbox (badness 1248) has occurred while \output is active []

 [311]
[312]
Overfull \hbox (36.14027pt too wide) in paragraph at lines 2431--2432
[][][][][][][][][][][][][][][][][][][][][][][][][] 
 []

[313]
Overfull \hbox (3.28993pt too wide) in paragraph at lines 2448--2449
[][][][][][][][][][][][][][][][][][][][][][][][][][][][][][][][][][][][][][][][
][][][] 
 []


Overfull \hbox (3.28993pt too wide) in paragraph at lines 2450--2451
[][][][][][][][][][][][][][][][][][][][][][][][][][][][][][][][][][][][][][][][
][][][][][][][][][][][][][][][][][][][][][][][][][][][][][][][][][][][][][][][]
[][][][][] 
 []


Overfull \hbox (3.28993pt too wide) in paragraph at lines 2452--2453
[][][][][][][][][][][][][][][][][][][][][][][][][][][][][][][][][][][][][][][][
][][][][][][][][][][][][][][][][][][][][][][][][][][][][][][][][][][][][][][][]
[][][][][] 
 []


Overfull \hbox (3.28993pt too wide) in paragraph at lines 2454--2455
[][][][][][][][][][][][][][][][][][][][][][][][][][][][][][][][][][][][][][][][
][][][][][][][][][][][][][][][][][][][][][][][][][][][][][][][][][][][][][][][]
[][][][][] 
 []


Overfull \hbox (3.28993pt too wide) in paragraph at lines 2456--2457
[][][][][][][][][][][][][][][][][][][][][][][][][][][][][][][][][][][][][][][][
][][][][][][][][][][][][][][][][][][][][][][][][][][][][][][][][][][][][][][][]
[][][][][] 
 []


Overfull \hbox (3.28993pt too wide) in paragraph at lines 2458--2459
[][][][][][][][][][][][][][][][][][][][][][][][][][][][][][][][][][][][][][][][
][][][][][][][][][][][][][][][][][][][][][][][][][][][][][][][][][][][][][][][]
[][][][][] 
 []


Overfull \hbox (3.28993pt too wide) in paragraph at lines 2460--2461
[][][][][][][][][][][][][][][][][][][][][][][][][][][][][][][][][][][][][][][][
][][][][][][][][][][][][][][][][][][][][][][][][][][][][][][][][][][][][][][][]
[][][][][] 
 []

[314] [315]
Missing character: There is no ‚ in font cmr10!
Missing character: There is no Ä in font cmr10!
Missing character: There is no ò in font cmr10!
Missing character: There is no ‚ in font cmr10!
Missing character: There is no Ä in font cmr10!
Missing character: There is no ô in font cmr10!
Missing character: There is no ‚ in font cmr10!
Missing character: There is no Ä in font cmr10!
Missing character: There is no ò in font cmr10!
Missing character: There is no ‚ in font cmr10!
Missing character: There is no Ä in font cmr10!
Missing character: There is no ô in font cmr10!
Missing character: There is no ‚ in font cmr10!
Missing character: There is no Ä in font cmr10!
Missing character: There is no ò in font cmr10!
Missing character: There is no ‚ in font cmr10!
Missing character: There is no Ä in font cmr10!
Missing character: There is no ô in font cmr10!
Missing character: There is no ‚ in font cmr10!
Missing character: There is no Ä in font cmr10!
Missing character: There is no ò in font cmr10!
Missing character: There is no ‚ in font cmr10!
Missing character: There is no Ä in font cmr10!
Missing character: There is no ô in font cmr10!
Missing character: There is no ‚ in font cmr10!
Missing character: There is no Ä in font cmr10!
Missing character: There is no ò in font cmr10!
Missing character: There is no ‚ in font cmr10!
Missing character: There is no Ä in font cmr10!
Missing character: There is no ô in font cmr10!

Overfull \hbox (68.99062pt too wide) in paragraph at lines 2526--2528
[][][][][][][][][][][][][][][][][][][][][][][][][][][][][][][][][][][][][][][][
][][] 
 []

[316] [317]
Underfull \vbox (badness 10000) has occurred while \output is active []

 [318]
Underfull \vbox (badness 1337) has occurred while \output is active []

 [319]

LaTeX Warning: Reference `mvnormdens' on page 320 undefined on input line 2788.


[320] [321]
Missing character: There is no Œ in font cmr10!
Missing character: There is no ≥ in font cmr10!


LaTeX Warning: Reference `varstabxform' on page 322 undefined on input line 290
8.

[322]
Missing character: There is no ‚ in font cmtt8!
Missing character: There is no Ä in font cmtt8!
Missing character: There is no ò in font cmtt8!
Missing character: There is no ‚ in font cmtt8!
Missing character: There is no Ä in font cmtt8!
Missing character: There is no ô in font cmtt8!
Missing character: There is no ‚ in font cmtt8!
Missing character: There is no Ä in font cmtt8!
Missing character: There is no ò in font cmtt8!
Missing character: There is no ‚ in font cmtt8!
Missing character: There is no Ä in font cmtt8!
Missing character: There is no ô in font cmtt8!
Missing character: There is no ‚ in font cmtt8!
Missing character: There is no Ä in font cmtt8!
Missing character: There is no ò in font cmtt8!
Missing character: There is no ‚ in font cmtt8!
Missing character: There is no Ä in font cmtt8!
Missing character: There is no ô in font cmtt8!
Missing character: There is no ‚ in font cmtt8!
Missing character: There is no Ä in font cmtt8!
Missing character: There is no ò in font cmtt8!
Missing character: There is no ‚ in font cmtt8!
Missing character: There is no Ä in font cmtt8!
Missing character: There is no ô in font cmtt8!
Missing character: There is no ‚ in font cmtt8!
Missing character: There is no Ä in font cmtt8!
Missing character: There is no ò in font cmtt8!
Missing character: There is no ‚ in font cmtt8!
Missing character: There is no Ä in font cmtt8!
Missing character: There is no ô in font cmtt8!

Overfull \hbox (23.92094pt too wide) in paragraph at lines 2954--2957
[]\OT1/cmr/m/n/10.95 The two null hy-pothe-ses be-ing tested here are $\OML/cmm
/m/it/10.95 H[] \OT1/cmr/m/n/10.95 :$ [][][][][][][][][][][][][][][][][][][][][
][][] and $\OML/cmm/m/it/10.95 H[] \OT1/cmr/m/n/10.95 :$ [][][][][][][][][][][]
[][][][][][][][][][][][]. 
 []

) (./Class.tex [323] [324

]
Chapter 17.
Missing character: There is no ‚ in font cmr10!
Missing character: There is no Ä in font cmr10!
Missing character: There is no ì in font cmr10!
[325] [326]
Underfull \vbox (badness 10000) has occurred while \output is active []


Overfull \hbox (261.11981pt too wide) has occurred while \output is active
\OT1/cmr/m/sl/10.95 17.2.  LOGISTIC REGRESSION: A COMMON PARAMETRIC MODEL FOR T
HE REGRESSION FUNCTION IN CLASSIFICATION PROBLEMS \OT1/cmr/m/n/10.95 327
 []

[327] [328]
Underfull \vbox (badness 7451) has occurred while \output is active []


Overfull \hbox (261.11981pt too wide) has occurred while \output is active
\OT1/cmr/m/sl/10.95 17.2.  LOGISTIC REGRESSION: A COMMON PARAMETRIC MODEL FOR T
HE REGRESSION FUNCTION IN CLASSIFICATION PROBLEMS \OT1/cmr/m/n/10.95 329
 []

[329]

Package hyperref Warning: Difference (2) between bookmark levels is greater 
(hyperref)                than one, level fixed on input line 298.

[330]
Missing character: There is no ‚ in font cmtt8!
Missing character: There is no Ä in font cmtt8!
Missing character: There is no ò in font cmtt8!
Missing character: There is no ‚ in font cmtt8!
Missing character: There is no Ä in font cmtt8!
Missing character: There is no ô in font cmtt8!
Missing character: There is no ‚ in font cmtt8!
Missing character: There is no Ä in font cmtt8!
Missing character: There is no ò in font cmtt8!
Missing character: There is no ‚ in font cmtt8!
Missing character: There is no Ä in font cmtt8!
Missing character: There is no ô in font cmtt8!
Missing character: There is no ‚ in font cmtt8!
Missing character: There is no Ä in font cmtt8!
Missing character: There is no ò in font cmtt8!
Missing character: There is no ‚ in font cmtt8!
Missing character: There is no Ä in font cmtt8!
Missing character: There is no ô in font cmtt8!
Missing character: There is no ‚ in font cmtt8!
Missing character: There is no Ä in font cmtt8!
Missing character: There is no ò in font cmtt8!
Missing character: There is no ‚ in font cmtt8!
Missing character: There is no Ä in font cmtt8!
Missing character: There is no ô in font cmtt8!
Missing character: There is no ‚ in font cmtt8!
Missing character: There is no Ä in font cmtt8!
Missing character: There is no ò in font cmtt8!
Missing character: There is no ‚ in font cmtt8!
Missing character: There is no Ä in font cmtt8!
Missing character: There is no ô in font cmtt8!
 [331]
Underfull \vbox (badness 10000) has occurred while \output is active []

 [332]
[333] [334]
Overfull \hbox (56.87405pt too wide) has occurred while \output is active
\OT1/cmr/m/sl/10.95 17.8.  OPTIMALITY OF THE REGRESSION FUNCTION FOR 0-1-VALUED
 Y (OPTIONAL SECTION) \OT1/cmr/m/n/10.95 335
 []

[335]) (./NonparRegClass.tex [336]
Chapter 18.

Package hyperref Warning: Token not allowed in a PDF string (PDFDocEncoding):
(hyperref)                removing `math shift' on input line 13.


Package hyperref Warning: Token not allowed in a PDF string (PDFDocEncoding):
(hyperref)                removing `subscript' on input line 13.


Package hyperref Warning: Token not allowed in a PDF string (PDFDocEncoding):
(hyperref)                removing `math shift' on input line 13.


LaTeX Warning: Reference `biasvartradeoff' on page 337 undefined on input line 
30.

[337

]

LaTeX Warning: Reference `nonpardens' on page 338 undefined on input line 43.


Overfull \hbox (3.28993pt too wide) in paragraph at lines 63--64
[][][][][][][][][][][][][][][][][][][][][][][][][][][][][][][][][][][] 
 []


Overfull \hbox (16.43007pt too wide) in paragraph at lines 75--76
[][][][][][][][][][][][][][][][][][][][][][][][][][][][][][][][] 
 []


Overfull \hbox (9.86pt too wide) in paragraph at lines 78--79
[][][][][][][][][][][][][][][][][][][][][][][][][][][][][][][][][][] 
 []


Overfull \hbox (85.46928pt too wide) has occurred while \output is active
\OT1/cmr/m/n/10.95 338 \OT1/cmr/m/sl/10.95 CHAPTER 18.  NONPARAMETRIC ESTIMATIO
N OF REGRESSION AND CLASSIFICATION FUNCTIONS
 []

[338]
Overfull \hbox (9.86pt too wide) in paragraph at lines 89--90
[][][][][][][][][][][][][][][][][][][][][][][][][][][][][][][][][][][] 
 []


Overfull \hbox (29.5702pt too wide) in paragraph at lines 92--93
[][][][][][][][][][][][][][][][][][][][][][][][][][][][][][][][][][][][][][][] 

 []


Overfull \hbox (16.43007pt too wide) in paragraph at lines 93--94
[][][][][][][][][][][][][][][][][][][][][][][][][][] 
 []


Overfull \hbox (3.28993pt too wide) in paragraph at lines 108--109
[][][][][][][][][][][][][][][][][][][][][][][][][][][][][][][][][][][][] 
 []


Underfull \vbox (badness 10000) has occurred while \output is active []

 [339]
Overfull \hbox (85.46928pt too wide) has occurred while \output is active
\OT1/cmr/m/n/10.95 340 \OT1/cmr/m/sl/10.95 CHAPTER 18.  NONPARAMETRIC ESTIMATIO
N OF REGRESSION AND CLASSIFICATION FUNCTIONS
 []

[340]

LaTeX Warning: Reference `textmining' on page 341 undefined on input line 218.


LaTeX Warning: Reference `biasvartradeoff' on page 341 undefined on input line 
226.


Underfull \vbox (badness 1454) has occurred while \output is active []

 [341]
Overfull \hbox (85.46928pt too wide) has occurred while \output is active
\OT1/cmr/m/n/10.95 342 \OT1/cmr/m/sl/10.95 CHAPTER 18.  NONPARAMETRIC ESTIMATIO
N OF REGRESSION AND CLASSIFICATION FUNCTIONS
 []

[342] [343] <RPart.jpg, id=6058, 514.5624pt x 222.5916pt>
File: RPart.jpg Graphic file (type jpg)
 <use RPart.jpg>
Overfull \hbox (36.13501pt too wide) in paragraph at lines 355--356
[][] 
 []

<CARTBound.pdf, id=6059, 505.89pt x 505.89pt>
File: CARTBound.pdf Graphic file (type pdf)
 <use CARTBound.pdf>
Underfull \vbox (badness 10000) has occurred while \output is active []


Overfull \hbox (85.46928pt too wide) has occurred while \output is active
\OT1/cmr/m/n/10.95 344 \OT1/cmr/m/sl/10.95 CHAPTER 18.  NONPARAMETRIC ESTIMATIO
N OF REGRESSION AND CLASSIFICATION FUNCTIONS
 []

[344 <./RPart.jpg>] [345 <./CARTBound.pdf>]) (../../MiscPLN/R5MinIntro.tex
Overfull \hbox (85.46928pt too wide) has occurred while \output is active
\OT1/cmr/m/n/10.95 346 \OT1/cmr/m/sl/10.95 CHAPTER 18.  NONPARAMETRIC ESTIMATIO
N OF REGRESSION AND CLASSIFICATION FUNCTIONS
 []

[346]
Appendix A.

Overfull \hbox (60.75967pt too wide) in paragraph at lines 15--33
[] 
 []


Underfull \vbox (badness 10000) has occurred while \output is active []

 [347

]
[348]
Overfull \hbox (9.86pt too wide) in paragraph at lines 89--90
[][][][][][][][][][][][][][][][][][][][][][][][][][][][][][][][][][][][][][][] 

 []


Underfull \vbox (badness 10000) has occurred while \output is active []

 [349]
Overfull \hbox (3.28993pt too wide) in paragraph at lines 141--142
[][][][][][][][][][][][][][][][][][][][][][][][][][][][][][][][][][][] 
 []


Overfull \hbox (9.86pt too wide) in paragraph at lines 144--145
[][][][][][][][][][][][][][][][][][][][][][][][][][][][][][][][] 
 []


Underfull \vbox (badness 10000) has occurred while \output is active []

 [350]
Underfull \vbox (badness 5245) has occurred while \output is active []

 [351]
Overfull \hbox (3.28993pt too wide) in paragraph at lines 219--220
[][][][][][][][][][][][][][][][][][][][][][][][][][][][][][][][][] 
 []


Overfull \hbox (3.28993pt too wide) in paragraph at lines 231--232
[][][][][][][][][][][][][][][][][][][][][][][][][][][][][][][][] 
 []

[352] [353] [354] [355] [356]
Overfull \hbox (23.00014pt too wide) in paragraph at lines 511--512
[][][][][][][][][][][][][][][][][][][][][][][][][][][][][][][][][][] 
 []

[357] [358] [359]
Overfull \hbox (9.86pt too wide) in paragraph at lines 647--648
[][][][][][][][][][][][][][][][][][][][][][][][][][][][][][][][][][][][][][][][
][][][][] 
 []

[360] [361]
Overfull \hbox (108.41103pt too wide) in paragraph at lines 740--741
[][][][][][][][][][][][][][][][][][] 
 []

Missing character: There is no ‚ in font cmr10!
Missing character: There is no Ä in font cmr10!
Missing character: There is no ò in font cmr10!
Missing character: There is no ‚ in font cmr10!
Missing character: There is no Ä in font cmr10!
Missing character: There is no ô in font cmr10!
[362]
Overfull \hbox (20.84862pt too wide) in paragraph at lines 788--792
\OT1/cmr/m/n/10.95 ited to Linux, Mac and other Unix-family sys-tems. See \OT1/
cmr/m/it/10.95 http://heather.cs.ucdavis.edu/debugR.html\OT1/cmr/m/n/10.95 . 
 []

[363]) (../../MiscPLN/MatrixReview.tex [364]
Appendix B.
[365

] [366] [367] [368] [369] [370]
Underfull \vbox (badness 10000) has occurred while \output is active []

 [371])
(./GGPlot2Intro.tex [372]
Appendix C.
[373

] [374] <Lines1.pdf, id=6777, 505.89pt x 505.89pt>
File: Lines1.pdf Graphic file (type pdf)
 <use Lines1.pdf>
[375]
Overfull \hbox (3.28993pt too wide) in paragraph at lines 181--182
[][][][][][][][][][][][][][][][][][][][][][][][][][][][][][][][][][][][][][][][
][] 
 []

<Lines2.pdf, id=6790, 505.89pt x 505.89pt>
File: Lines2.pdf Graphic file (type pdf)
 <use Lines2.pdf>
Underfull \vbox (badness 10000) has occurred while \output is active []

 [376 <./Lines1.pdf>]

Package pdftex.def Warning: Option `bb' does not make sense,
(pdftex.def)                using `viewport' instead on input line 216.

<EdHist.pdf, id=6807, 505.89pt x 505.89pt>
File: EdHist.pdf Graphic file (type pdf)
 <use EdHist.pdf>
Underfull \vbox (badness 1577) has occurred while \output is active []

 [377 <./Lines2.pdf>]

Package pdftex.def Warning: Option `bb' does not make sense,
(pdftex.def)                using `viewport' instead on input line 243.

<AgeInc.pdf, id=6821, 505.89pt x 505.89pt>
File: AgeInc.pdf Graphic file (type pdf)
 <use AgeInc.pdf>
Underfull \vbox (badness 10000) has occurred while \output is active []

 [378 <./EdHist.pdf>]

Package pdftex.def Warning: Option `bb' does not make sense,
(pdftex.def)                using `viewport' instead on input line 261.

<AgeIncColor.pdf, id=6831, 505.89pt x 505.89pt>
File: AgeIncColor.pdf Graphic file (type pdf)
 <use AgeIncColor.pdf>
Underfull \vbox (badness 10000) has occurred while \output is active []

 [379 <./AgeInc.pdf>]

Package pdftex.def Warning: Option `bb' does not make sense,
(pdftex.def)                using `viewport' instead on input line 278.

<AgeIncShape.pdf, id=6842, 505.89pt x 505.89pt>
File: AgeIncShape.pdf Graphic file (type pdf)
 <use AgeIncShape.pdf>
Underfull \vbox (badness 10000) has occurred while \output is active []

 [380 <./AgeIncColor.pdf>]

Package pdftex.def Warning: Option `bb' does not make sense,
(pdftex.def)                using `viewport' instead on input line 291.

<40AgeIncColor.pdf, id=6854, 505.89pt x 505.89pt>
File: 40AgeIncColor.pdf Graphic file (type pdf)
 <use 40AgeIncColor.pdf>
Underfull \vbox (badness 10000) has occurred while \output is active []

 [381 <./AgeIncShape.pdf>]

Package pdftex.def Warning: Option `bb' does not make sense,
(pdftex.def)                using `viewport' instead on input line 313.

<FacetVertAgeInc.pdf, id=6867, 505.89pt x 505.89pt>
File: FacetVertAgeInc.pdf Graphic file (type pdf)
 <use FacetVertAgeInc.pdf>
Underfull \vbox (badness 10000) has occurred while \output is active []

 [382 <./40AgeIncColor.pdf>]

Package pdftex.def Warning: Option `bb' does not make sense,
(pdftex.def)                using `viewport' instead on input line 317.

<FacetHorizAgeInc.pdf, id=6880, 505.89pt x 505.89pt>
File: FacetHorizAgeInc.pdf Graphic file (type pdf)

<use FacetHorizAgeInc.pdf>
Underfull \vbox (badness 10000) has occurred while \output is active []

 [383 <./FacetVertAgeInc.pdf>] [384 <./FacetHorizAgeInc.pdf>] [385]
Overfull \hbox (9.86pt too wide) in paragraph at lines 397--398
[][][][][][][][][][][][][][][][][][][][][][][][][][][][][][][] 
 []


Overfull \hbox (9.86pt too wide) in paragraph at lines 436--437
[][][][][][][][][][][][][][][][][][][][][][][][][][][][][][][] 
 []

[386]) [387] (./ProbStatBookShort.aux (./Preface.aux))

LaTeX Font Warning: Size substitutions with differences
(Font)              up to 4.5pt have occurred.


LaTeX Warning: There were undefined references.


LaTeX Warning: There were multiply-defined labels.

 ) 
Here is how much of TeX's memory you used:
 10517 strings out of 494429
 149417 string characters out of 1170711
 320751 words of memory out of 3000000
 10614 multiletter control sequences out of 15000+50000
 21096 words of font info for 75 fonts, out of 3000000 for 9000
 473 hyphenation exceptions out of 8191
 42i,14n,39p,311b,1613s stack positions out of 5000i,500n,10000p,200000b,50000s
</usr/share/texmf-texlive/fonts/type1/public/amsfonts/cm/cmbsy10.pfb></usr/sh
are/texmf-texlive/fonts/type1/public/amsfonts/cmextra/cmbsy7.pfb></usr/share/te
xmf-texlive/fonts/type1/public/amsfonts/cm/cmbx10.pfb></usr/share/texmf-texlive
/fonts/type1/public/amsfonts/cm/cmbx12.pfb></usr/share/texmf-texlive/fonts/type
1/public/amsfonts/cm/cmbx7.pfb></usr/share/texmf-texlive/fonts/type1/public/ams
fonts/cm/cmbx9.pfb></usr/share/texmf-texlive/fonts/type1/public/amsfonts/cm/cmc
sc10.pfb></usr/share/texmf-texlive/fonts/type1/public/amsfonts/cm/cmex10.pfb></
usr/share/texmf-texlive/fonts/type1/public/amsfonts/cmextra/cmex8.pfb></usr/sha
re/texmf-texlive/fonts/type1/public/amsfonts/cmextra/cmex9.pfb></usr/share/texm
f-texlive/fonts/type1/public/amsfonts/cm/cmmi10.pfb></usr/share/texmf-texlive/f
onts/type1/public/amsfonts/cm/cmmi12.pfb></usr/share/texmf-texlive/fonts/type1/
public/amsfonts/cm/cmmi6.pfb></usr/share/texmf-texlive/fonts/type1/public/amsfo
nts/cm/cmmi8.pfb></usr/share/texmf-texlive/fonts/type1/public/amsfonts/cm/cmmi9
.pfb></usr/share/texmf-texlive/fonts/type1/public/amsfonts/cm/cmmib10.pfb></usr
/share/texmf-texlive/fonts/type1/public/amsfonts/cm/cmr10.pfb></usr/share/texmf
-texlive/fonts/type1/public/amsfonts/cm/cmr12.pfb></usr/share/texmf-texlive/fon
ts/type1/public/amsfonts/cm/cmr17.pfb></usr/share/texmf-texlive/fonts/type1/pub
lic/amsfonts/cm/cmr6.pfb></usr/share/texmf-texlive/fonts/type1/public/amsfonts/
cm/cmr8.pfb></usr/share/texmf-texlive/fonts/type1/public/amsfonts/cm/cmr9.pfb><
/usr/share/texmf-texlive/fonts/type1/public/amsfonts/cm/cmsl10.pfb></usr/share/
texmf-texlive/fonts/type1/public/amsfonts/cm/cmsy10.pfb></usr/share/texmf-texli
ve/fonts/type1/public/amsfonts/cm/cmsy6.pfb></usr/share/texmf-texlive/fonts/typ
e1/public/amsfonts/cm/cmsy8.pfb></usr/share/texmf-texlive/fonts/type1/public/am
sfonts/cm/cmsy9.pfb></usr/share/texmf-texlive/fonts/type1/public/amsfonts/cm/cm
ti10.pfb></usr/share/texmf-texlive/fonts/type1/public/amsfonts/cm/cmti12.pfb></
usr/share/texmf-texlive/fonts/type1/public/amsfonts/cm/cmti9.pfb></usr/share/te
xmf-texlive/fonts/type1/public/amsfonts/cm/cmtt10.pfb></usr/share/texmf-texlive
/fonts/type1/public/amsfonts/cm/cmtt12.pfb></usr/share/texmf-texlive/fonts/type
1/public/amsfonts/cm/cmtt8.pfb></usr/share/texmf-texlive/fonts/type1/public/ams
fonts/cm/cmtt9.pfb>
Output written on ProbStatBookShort.pdf (409 pages, 8253280 bytes).
PDF statistics:
 7705 PDF objects out of 8907 (max. 8388607)
 2901 named destinations out of 2984 (max. 500000)
 3593 words of extra memory for PDF output out of 10000 (max. 10000000)

