\BOOKMARK [0][-]{chapter.1}{Time Waste Versus Empowerment}{}
\BOOKMARK [0][-]{chapter.2}{Basic Probability Models}{}
\BOOKMARK [1][-]{section.2.1}{ALOHA Network Example}{chapter.2}
\BOOKMARK [1][-]{section.2.2}{The Crucial Notion of a Repeatable Experiment}{chapter.2}
\BOOKMARK [1][-]{section.2.3}{Our Definitions}{chapter.2}
\BOOKMARK [1][-]{section.2.4}{``Mailing Tubes''}{chapter.2}
\BOOKMARK [1][-]{section.2.5}{Basic Probability Computations: ALOHA Network Example}{chapter.2}
\BOOKMARK [1][-]{section.2.6}{Bayes' Rule}{chapter.2}
\BOOKMARK [1][-]{section.2.7}{ALOHA in the Notebook Context}{chapter.2}
\BOOKMARK [1][-]{section.2.8}{Solution Strategies}{chapter.2}
\BOOKMARK [1][-]{section.2.9}{Example: Divisibility of Random Integers}{chapter.2}
\BOOKMARK [1][-]{section.2.10}{Example: A Simple Board Game}{chapter.2}
\BOOKMARK [1][-]{section.2.11}{Example: Bus Ridership}{chapter.2}
\BOOKMARK [1][-]{section.2.12}{Simulation}{chapter.2}
\BOOKMARK [2][-]{subsection.2.12.1}{Example: Rolling Dice}{section.2.12}
\BOOKMARK [2][-]{subsection.2.12.2}{Improving the Code}{section.2.12}
\BOOKMARK [3][-]{subsubsection.2.12.2.1}{Simulation of Conditional Probability in Dice Problem}{subsection.2.12.2}
\BOOKMARK [2][-]{subsection.2.12.3}{Simulation of the ALOHA Example}{section.2.12}
\BOOKMARK [2][-]{subsection.2.12.4}{Example: Bus Ridership, cont'd.}{section.2.12}
\BOOKMARK [2][-]{subsection.2.12.5}{Back to the Board Game Example}{section.2.12}
\BOOKMARK [2][-]{subsection.2.12.6}{How Long Should We Run the Simulation?}{section.2.12}
\BOOKMARK [1][-]{section.2.13}{Combinatorics-Based Probability Computation}{chapter.2}
\BOOKMARK [2][-]{subsection.2.13.1}{Which Is More Likely in Five Cards, One King or Two Hearts?}{section.2.13}
\BOOKMARK [2][-]{subsection.2.13.2}{Example: Random Groups of Students}{section.2.13}
\BOOKMARK [2][-]{subsection.2.13.3}{Example: Lottery Tickets}{section.2.13}
\BOOKMARK [2][-]{subsection.2.13.4}{``Association Rules'' in Data Mining}{section.2.13}
\BOOKMARK [2][-]{subsection.2.13.5}{Multinomial Coefficients}{section.2.13}
\BOOKMARK [2][-]{subsection.2.13.6}{Example: Probability of Getting Four Aces in a Bridge Hand}{section.2.13}
\BOOKMARK [0][-]{chapter.3}{Discrete Random Variables}{}
\BOOKMARK [1][-]{section.3.1}{Random Variables}{chapter.3}
\BOOKMARK [1][-]{section.3.2}{Discrete Random Variables}{chapter.3}
\BOOKMARK [1][-]{section.3.3}{Independent Random Variables}{chapter.3}
\BOOKMARK [1][-]{section.3.4}{Example: The Monty Hall Problem}{chapter.3}
\BOOKMARK [1][-]{section.3.5}{Expected Value}{chapter.3}
\BOOKMARK [2][-]{subsection.3.5.1}{Generality\204Not Just for Discrete Random Variables}{section.3.5}
\BOOKMARK [3][-]{subsubsection.3.5.1.1}{What Is It?}{subsection.3.5.1}
\BOOKMARK [2][-]{subsection.3.5.2}{Definition}{section.3.5}
\BOOKMARK [2][-]{subsection.3.5.3}{Existence of the Expected Value}{section.3.5}
\BOOKMARK [2][-]{subsection.3.5.4}{Computation and Properties of Expected Value}{section.3.5}
\BOOKMARK [2][-]{subsection.3.5.5}{``Mailing Tubes''}{section.3.5}
\BOOKMARK [2][-]{subsection.3.5.6}{Casinos, Insurance Companies and ``Sum Users,'' Compared to Others}{section.3.5}
\BOOKMARK [1][-]{section.3.6}{Variance}{chapter.3}
\BOOKMARK [2][-]{subsection.3.6.1}{Definition}{section.3.6}
\BOOKMARK [2][-]{subsection.3.6.2}{Central Importance of the Concept of Variance}{section.3.6}
\BOOKMARK [2][-]{subsection.3.6.3}{Intuition Regarding the Size of Var\(X\)}{section.3.6}
\BOOKMARK [3][-]{subsubsection.3.6.3.1}{Chebychev's Inequality}{subsection.3.6.3}
\BOOKMARK [3][-]{subsubsection.3.6.3.2}{The Coefficient of Variation}{subsection.3.6.3}
\BOOKMARK [1][-]{section.3.7}{A Useful Fact}{chapter.3}
\BOOKMARK [1][-]{section.3.8}{Covariance}{chapter.3}
\BOOKMARK [1][-]{section.3.9}{Indicator Random Variables, and Their Means and Variances}{chapter.3}
\BOOKMARK [2][-]{subsection.3.9.1}{Example: Return Time for Library Books}{section.3.9}
\BOOKMARK [2][-]{subsection.3.9.2}{Example: Indicator Variables in a Committee Problem}{section.3.9}
\BOOKMARK [1][-]{section.3.10}{Expected Value, Etc. in the ALOHA Example}{chapter.3}
\BOOKMARK [1][-]{section.3.11}{Example: Measurements at Different Ages}{chapter.3}
\BOOKMARK [1][-]{section.3.12}{Example: Bus Ridership Model}{chapter.3}
\BOOKMARK [1][-]{section.3.13}{Distributions}{chapter.3}
\BOOKMARK [2][-]{subsection.3.13.1}{Example: Toss Coin Until First Head}{section.3.13}
\BOOKMARK [2][-]{subsection.3.13.2}{Example: Sum of Two Dice}{section.3.13}
\BOOKMARK [2][-]{subsection.3.13.3}{Example: Watts-Strogatz Random Graph Model}{section.3.13}
\BOOKMARK [3][-]{subsubsection.3.13.3.1}{The Model}{subsection.3.13.3}
\BOOKMARK [3][-]{subsubsection.3.13.3.2}{Further Reading}{subsection.3.13.3}
\BOOKMARK [1][-]{section.3.14}{Parameteric Families of pmfs}{chapter.3}
\BOOKMARK [2][-]{subsection.3.14.1}{Parameteric Families of Functions}{section.3.14}
\BOOKMARK [2][-]{subsection.3.14.2}{The Case of Importance to Us: Parameteric Families of pmfs}{section.3.14}
\BOOKMARK [2][-]{subsection.3.14.3}{The Geometric Family of Distributions}{section.3.14}
\BOOKMARK [3][-]{subsubsection.3.14.3.1}{R Functions}{subsection.3.14.3}
\BOOKMARK [3][-]{subsubsection.3.14.3.2}{Example: a Parking Space Problem}{subsection.3.14.3}
\BOOKMARK [2][-]{subsection.3.14.4}{The Binomial Family of Distributions}{section.3.14}
\BOOKMARK [3][-]{subsubsection.3.14.4.1}{R Functions}{subsection.3.14.4}
\BOOKMARK [3][-]{subsubsection.3.14.4.2}{Example: Flipping Coins with Bonuses}{subsection.3.14.4}
\BOOKMARK [3][-]{subsubsection.3.14.4.3}{Example: Analysis of Social Networks}{subsection.3.14.4}
\BOOKMARK [2][-]{subsection.3.14.5}{The Negative Binomial Family of Distributions}{section.3.14}
\BOOKMARK [3][-]{subsubsection.3.14.5.1}{R Functions}{subsection.3.14.5}
\BOOKMARK [3][-]{subsubsection.3.14.5.2}{Example: Backup Batteries}{subsection.3.14.5}
\BOOKMARK [2][-]{subsection.3.14.6}{The Poisson Family of Distributions}{section.3.14}
\BOOKMARK [3][-]{subsubsection.3.14.6.1}{R Functions}{subsection.3.14.6}
\BOOKMARK [2][-]{subsection.3.14.7}{The Power Law Family of Distributions}{section.3.14}
\BOOKMARK [3][-]{subsubsection.3.14.7.1}{The Model}{subsection.3.14.7}
\BOOKMARK [3][-]{subsubsection.3.14.7.2}{Further Reading}{subsection.3.14.7}
\BOOKMARK [1][-]{section.3.15}{Recognizing Some Parametric Distributions When You See Them}{chapter.3}
\BOOKMARK [2][-]{subsection.3.15.1}{Example: a Coin Game}{section.3.15}
\BOOKMARK [2][-]{subsection.3.15.2}{Example: Tossing a Set of Four Coins}{section.3.15}
\BOOKMARK [2][-]{subsection.3.15.3}{Example: the ALOHA Example Again}{section.3.15}
\BOOKMARK [1][-]{section.3.16}{Example: the Bus Ridership Problem Again}{chapter.3}
\BOOKMARK [1][-]{section.3.17}{Multivariate Distributions}{chapter.3}
\BOOKMARK [1][-]{section.3.18}{Iterated Expectations}{chapter.3}
\BOOKMARK [2][-]{subsection.3.18.1}{The Theorem}{section.3.18}
\BOOKMARK [2][-]{subsection.3.18.2}{Example: Coin and Die Game}{section.3.18}
\BOOKMARK [1][-]{section.3.19}{A Cautionary Tale}{chapter.3}
\BOOKMARK [2][-]{subsection.3.19.1}{Trick Coins, Tricky Example}{section.3.19}
\BOOKMARK [2][-]{subsection.3.19.2}{Intuition in Retrospect}{section.3.19}
\BOOKMARK [2][-]{subsection.3.19.3}{Implications for Modeling}{section.3.19}
\BOOKMARK [1][-]{section.3.20}{Why Not Just Do All Analysis by Simulation?}{chapter.3}
\BOOKMARK [1][-]{section.3.21}{Proof of Chebychev's Inequality}{chapter.3}
\BOOKMARK [1][-]{section.3.22}{Reconciliation of Math and Intuition \(optional section\)}{chapter.3}
\BOOKMARK [0][-]{chapter.4}{Introduction to Discrete Markov Chains}{}
\BOOKMARK [1][-]{section.4.1}{Matrix Formulation}{chapter.4}
\BOOKMARK [1][-]{section.4.2}{Example: Die Game}{chapter.4}
\BOOKMARK [1][-]{section.4.3}{Long-Run State Probabilities}{chapter.4}
\BOOKMARK [2][-]{subsection.4.3.1}{Calculation of }{section.4.3}
\BOOKMARK [1][-]{section.4.4}{Example: 3-Heads-in-a-Row Game}{chapter.4}
\BOOKMARK [1][-]{section.4.5}{Example: ALOHA}{chapter.4}
\BOOKMARK [1][-]{section.4.6}{Example: Bus Ridership Problem}{chapter.4}
\BOOKMARK [1][-]{section.4.7}{Example: an Inventory Model}{chapter.4}
\BOOKMARK [0][-]{chapter.5}{Continuous Probability Models}{}
\BOOKMARK [1][-]{section.5.1}{A Random Dart}{chapter.5}
\BOOKMARK [1][-]{section.5.2}{Continuous Random Variables Are ``Useful Unicorns''}{chapter.5}
\BOOKMARK [1][-]{section.5.3}{But Now We Have a Problem}{chapter.5}
\BOOKMARK [1][-]{section.5.4}{Density Functions}{chapter.5}
\BOOKMARK [2][-]{subsection.5.4.1}{Motivation, Definition and Interpretation}{section.5.4}
\BOOKMARK [2][-]{subsection.5.4.2}{Properties of Densities}{section.5.4}
\BOOKMARK [2][-]{subsection.5.4.3}{A First Example}{section.5.4}
\BOOKMARK [2][-]{subsection.5.4.4}{The Notion of Support in the Continuous Case}{section.5.4}
\BOOKMARK [1][-]{section.5.5}{Famous Parametric Families of Continuous Distributions}{chapter.5}
\BOOKMARK [2][-]{subsection.5.5.1}{The Uniform Distributions}{section.5.5}
\BOOKMARK [3][-]{subsubsection.5.5.1.1}{Density and Properties}{subsection.5.5.1}
\BOOKMARK [3][-]{subsubsection.5.5.1.2}{R Functions}{subsection.5.5.1}
\BOOKMARK [3][-]{subsubsection.5.5.1.3}{Example: Modeling of Disk Performance}{subsection.5.5.1}
\BOOKMARK [3][-]{subsubsection.5.5.1.4}{Example: Modeling of Denial-of-Service Attack}{subsection.5.5.1}
\BOOKMARK [2][-]{subsection.5.5.2}{The Normal \(Gaussian\) Family of Continuous Distributions}{section.5.5}
\BOOKMARK [3][-]{subsubsection.5.5.2.1}{Density and Properties}{subsection.5.5.2}
\BOOKMARK [2][-]{subsection.5.5.3}{The Chi-Squared Family of Distributions}{section.5.5}
\BOOKMARK [3][-]{subsubsection.5.5.3.1}{Density and Properties}{subsection.5.5.3}
\BOOKMARK [3][-]{subsubsection.5.5.3.2}{Example: Error in Pin Placement}{subsection.5.5.3}
\BOOKMARK [3][-]{subsubsection.5.5.3.3}{Importance in Modeling}{subsection.5.5.3}
\BOOKMARK [2][-]{subsection.5.5.4}{The Exponential Family of Distributions}{section.5.5}
\BOOKMARK [3][-]{subsubsection.5.5.4.1}{Density and Properties}{subsection.5.5.4}
\BOOKMARK [3][-]{subsubsection.5.5.4.2}{R Functions}{subsection.5.5.4}
\BOOKMARK [3][-]{subsubsection.5.5.4.3}{Example: Refunds on Failed Components}{subsection.5.5.4}
\BOOKMARK [3][-]{subsubsection.5.5.4.4}{Example: Garage Parking Fees}{subsection.5.5.4}
\BOOKMARK [3][-]{subsubsection.5.5.4.5}{Importance in Modeling}{subsection.5.5.4}
\BOOKMARK [2][-]{subsection.5.5.5}{The Gamma Family of Distributions}{section.5.5}
\BOOKMARK [3][-]{subsubsection.5.5.5.1}{Density and Properties}{subsection.5.5.5}
\BOOKMARK [3][-]{subsubsection.5.5.5.2}{Example: Network Buffer}{subsection.5.5.5}
\BOOKMARK [3][-]{subsubsection.5.5.5.3}{Importance in Modeling}{subsection.5.5.5}
\BOOKMARK [2][-]{subsection.5.5.6}{The Beta Family of Distributions}{section.5.5}
\BOOKMARK [3][-]{subsubsection.5.5.6.1}{Density Etc.}{subsection.5.5.6}
\BOOKMARK [3][-]{subsubsection.5.5.6.2}{Importance in Modeling}{subsection.5.5.6}
\BOOKMARK [1][-]{section.5.6}{Choosing a Model}{chapter.5}
\BOOKMARK [1][-]{section.5.7}{A General Method for Simulating a Random Variable}{chapter.5}
\BOOKMARK [1][-]{section.5.8}{Example: Writing a Set of R Functions for a Certain Power Family}{chapter.5}
\BOOKMARK [1][-]{section.5.9}{Multivariate Densities}{chapter.5}
\BOOKMARK [1][-]{section.5.10}{``Hybrid'' Continuous/Discrete Distributions}{chapter.5}
\BOOKMARK [1][-]{section.5.11}{Iterated Expectations}{chapter.5}
\BOOKMARK [2][-]{subsection.5.11.1}{The Theorem}{section.5.11}
\BOOKMARK [2][-]{subsection.5.11.2}{Example: Another Coin Game}{section.5.11}
\BOOKMARK [0][-]{chapter.6}{The Normal Family of Distributions}{}
\BOOKMARK [1][-]{section.6.1}{Density and Properties}{chapter.6}
\BOOKMARK [2][-]{subsection.6.1.1}{Closure Under Affine Transformation}{section.6.1}
\BOOKMARK [2][-]{subsection.6.1.2}{Closure Under Independent Summation}{section.6.1}
\BOOKMARK [2][-]{subsection.6.1.3}{Evaluating Normal cdfs}{section.6.1}
\BOOKMARK [1][-]{section.6.2}{Example: Network Intrusion}{chapter.6}
\BOOKMARK [1][-]{section.6.3}{Example: Class Enrollment Size}{chapter.6}
\BOOKMARK [1][-]{section.6.4}{More on the Jill Example}{chapter.6}
\BOOKMARK [1][-]{section.6.5}{Example: River Levels}{chapter.6}
\BOOKMARK [1][-]{section.6.6}{Example: Upper Tail of a Light Bulb Distribution}{chapter.6}
\BOOKMARK [1][-]{section.6.7}{The Central Limit Theorem}{chapter.6}
\BOOKMARK [1][-]{section.6.8}{Example: Cumulative Roundoff Error}{chapter.6}
\BOOKMARK [1][-]{section.6.9}{Example: R Evaluation of a Central Limit Theorem Approximation}{chapter.6}
\BOOKMARK [1][-]{section.6.10}{Example: Bug Counts}{chapter.6}
\BOOKMARK [1][-]{section.6.11}{Example: Coin Tosses}{chapter.6}
\BOOKMARK [1][-]{section.6.12}{Museum Demonstration}{chapter.6}
\BOOKMARK [1][-]{section.6.13}{Importance in Modeling}{chapter.6}
\BOOKMARK [1][-]{section.6.14}{The Multivariate Normal Family}{chapter.6}
\BOOKMARK [1][-]{section.6.15}{Optional Topic: Precise Statement of the CLT}{chapter.6}
\BOOKMARK [2][-]{subsection.6.15.1}{Convergence in Distribution, and the Precisely-Stated CLT}{section.6.15}
\BOOKMARK [0][-]{chapter.7}{The Exponential Distributions}{}
\BOOKMARK [1][-]{section.7.1}{Connection to the Poisson Distribution Family}{chapter.7}
\BOOKMARK [1][-]{section.7.2}{Memoryless Property of Exponential Distributions}{chapter.7}
\BOOKMARK [2][-]{subsection.7.2.1}{Derivation and Intuition}{section.7.2}
\BOOKMARK [2][-]{subsection.7.2.2}{Uniquely Memoryless}{section.7.2}
\BOOKMARK [2][-]{subsection.7.2.3}{Example: ``Nonmemoryless'' Light Bulbs}{section.7.2}
\BOOKMARK [1][-]{section.7.3}{Example: Minima of Independent Exponentially Distributed Random Variables}{chapter.7}
\BOOKMARK [2][-]{subsection.7.3.1}{Example: Computer Worm}{section.7.3}
\BOOKMARK [2][-]{subsection.7.3.2}{Example: Electronic Components}{section.7.3}
\BOOKMARK [1][-]{section.7.4}{A Cautionary Tale: the Bus Paradox}{chapter.7}
\BOOKMARK [2][-]{subsection.7.4.1}{Length-Biased Sampling}{section.7.4}
\BOOKMARK [2][-]{subsection.7.4.2}{Probability Mass Functions and Densities in Length-Biased Sampling}{section.7.4}
\BOOKMARK [0][-]{chapter.8}{Stop and Review: Probability Structures}{}
\BOOKMARK [0][-]{chapter.9}{Covariance and Random Vectors}{}
\BOOKMARK [1][-]{section.9.1}{Measuring Co-variation of Random Variables}{chapter.9}
\BOOKMARK [2][-]{subsection.9.1.1}{Covariance}{section.9.1}
\BOOKMARK [2][-]{subsection.9.1.2}{Example: Variance of Sum of Nonindependent Variables}{section.9.1}
\BOOKMARK [2][-]{subsection.9.1.3}{Example: the Committee Example Again}{section.9.1}
\BOOKMARK [1][-]{section.9.2}{Correlation}{chapter.9}
\BOOKMARK [2][-]{subsection.9.2.1}{Example: a Catchup Game}{section.9.2}
\BOOKMARK [1][-]{section.9.3}{Sets of Independent Random Variables}{chapter.9}
\BOOKMARK [2][-]{subsection.9.3.1}{Properties}{section.9.3}
\BOOKMARK [3][-]{subsubsection.9.3.1.1}{Expected Values Factor}{subsection.9.3.1}
\BOOKMARK [3][-]{subsubsection.9.3.1.2}{Covariance Is 0}{subsection.9.3.1}
\BOOKMARK [3][-]{subsubsection.9.3.1.3}{Variances Add}{subsection.9.3.1}
\BOOKMARK [2][-]{subsection.9.3.2}{Examples Involving Sets of Independent Random Variables}{section.9.3}
\BOOKMARK [3][-]{subsubsection.9.3.2.1}{Example: Dice}{subsection.9.3.2}
\BOOKMARK [3][-]{subsubsection.9.3.2.2}{Example: Variance of a Product}{subsection.9.3.2}
\BOOKMARK [3][-]{subsubsection.9.3.2.3}{Example: Ratio of Independent Geometric Random Variables}{subsection.9.3.2}
\BOOKMARK [1][-]{section.9.4}{Matrix Formulations}{chapter.9}
\BOOKMARK [2][-]{subsection.9.4.1}{Properties of Mean Vectors}{section.9.4}
\BOOKMARK [2][-]{subsection.9.4.2}{Covariance Matrices}{section.9.4}
\BOOKMARK [2][-]{subsection.9.4.3}{Covariance Matrices Linear Combinations of Random Vectors}{section.9.4}
\BOOKMARK [2][-]{subsection.9.4.4}{Example: \(X,S\) Dice Example Again}{section.9.4}
\BOOKMARK [2][-]{subsection.9.4.5}{Example: Easy Sum Again}{section.9.4}
\BOOKMARK [1][-]{section.9.5}{The Multivariate Normal Family of Distributions}{chapter.9}
\BOOKMARK [2][-]{subsection.9.5.1}{R Functions}{section.9.5}
\BOOKMARK [2][-]{subsection.9.5.2}{Special Case: New Variable Is a Single Linear Combination of a Random Vector}{section.9.5}
\BOOKMARK [1][-]{section.9.6}{Indicator Random Vectors}{chapter.9}
\BOOKMARK [1][-]{section.9.7}{Example: Dice Game}{chapter.9}
\BOOKMARK [2][-]{subsection.9.7.1}{Correlation Matrices}{section.9.7}
\BOOKMARK [2][-]{subsection.9.7.2}{Further Reading}{section.9.7}
\BOOKMARK [0][-]{chapter.10}{Statistics: Prologue}{}
\BOOKMARK [1][-]{section.10.1}{Sampling Distributions}{chapter.10}
\BOOKMARK [2][-]{subsection.10.1.1}{Random Samples}{section.10.1}
\BOOKMARK [2][-]{subsection.10.1.2}{The Sample Mean\204a Random Variable}{section.10.1}
\BOOKMARK [2][-]{subsection.10.1.3}{Sample Means Are Approximately Normal\204No Matter What the Population Distribution Is}{section.10.1}
\BOOKMARK [2][-]{subsection.10.1.4}{The Sample Variance\204Another Random Variable}{section.10.1}
\BOOKMARK [3][-]{subsubsection.10.1.4.1}{Intuitive Estimation of 2}{subsection.10.1.4}
\BOOKMARK [3][-]{subsubsection.10.1.4.2}{Easier Computation}{subsection.10.1.4}
\BOOKMARK [3][-]{subsubsection.10.1.4.3}{To Divide by n or n-1?}{subsection.10.1.4}
\BOOKMARK [1][-]{section.10.2}{A Good Time to Stop and Review!}{chapter.10}
\BOOKMARK [0][-]{chapter.11}{Introduction to Confidence Intervals}{}
\BOOKMARK [1][-]{section.11.1}{The ``Margin of Error'' and Confidence Intervals}{chapter.11}
\BOOKMARK [1][-]{section.11.2}{Confidence Intervals for Means}{chapter.11}
\BOOKMARK [2][-]{subsection.11.2.1}{Basic Formulation}{section.11.2}
\BOOKMARK [2][-]{subsection.11.2.2}{Example: Simulation Output}{section.11.2}
\BOOKMARK [1][-]{section.11.3}{Meaning of Confidence Intervals}{chapter.11}
\BOOKMARK [2][-]{subsection.11.3.1}{A Weight Survey in Davis}{section.11.3}
\BOOKMARK [2][-]{subsection.11.3.2}{More About Interpretation}{section.11.3}
\BOOKMARK [1][-]{section.11.4}{Confidence Intervals for Proportions}{chapter.11}
\BOOKMARK [2][-]{subsection.11.4.1}{Derivation}{section.11.4}
\BOOKMARK [2][-]{subsection.11.4.2}{That n vs. n-1 Thing Again}{section.11.4}
\BOOKMARK [2][-]{subsection.11.4.3}{Simulation Example Again}{section.11.4}
\BOOKMARK [2][-]{subsection.11.4.4}{Example: Davis Weights}{section.11.4}
\BOOKMARK [2][-]{subsection.11.4.5}{Interpretation}{section.11.4}
\BOOKMARK [2][-]{subsection.11.4.6}{\(Non-\)Effect of the Population Size}{section.11.4}
\BOOKMARK [2][-]{subsection.11.4.7}{Inferring the Number Polled}{section.11.4}
\BOOKMARK [2][-]{subsection.11.4.8}{Planning Ahead}{section.11.4}
\BOOKMARK [1][-]{section.11.5}{General Formation of Confidence Intervals from Approximately Normal Estimators}{chapter.11}
\BOOKMARK [2][-]{subsection.11.5.1}{Basic Formulation}{section.11.5}
\BOOKMARK [2][-]{subsection.11.5.2}{Standard Errors of Combined Estimators}{section.11.5}
\BOOKMARK [1][-]{section.11.6}{Confidence Intervals for Differences of Means or Proportions}{chapter.11}
\BOOKMARK [2][-]{subsection.11.6.1}{Independent Samples}{section.11.6}
\BOOKMARK [2][-]{subsection.11.6.2}{Example: Network Security Application}{section.11.6}
\BOOKMARK [2][-]{subsection.11.6.3}{Dependent Samples}{section.11.6}
\BOOKMARK [2][-]{subsection.11.6.4}{Example: Machine Classification of Forest Covers}{section.11.6}
\BOOKMARK [1][-]{section.11.7}{And What About the Student-t Distribution?}{chapter.11}
\BOOKMARK [1][-]{section.11.8}{R Computation}{chapter.11}
\BOOKMARK [1][-]{section.11.9}{Example: Pro Baseball Data}{chapter.11}
\BOOKMARK [2][-]{subsection.11.9.1}{R Code}{section.11.9}
\BOOKMARK [2][-]{subsection.11.9.2}{Analysis}{section.11.9}
\BOOKMARK [1][-]{section.11.10}{Example: UCI Bank Marketing Dataset}{chapter.11}
\BOOKMARK [1][-]{section.11.11}{Example: Amazon Links}{chapter.11}
\BOOKMARK [1][-]{section.11.12}{Example: Master's Degrees in CS/EE}{chapter.11}
\BOOKMARK [1][-]{section.11.13}{Other Confidence Levels}{chapter.11}
\BOOKMARK [1][-]{section.11.14}{One More Time: Why Do We Use Confidence Intervals?}{chapter.11}
\BOOKMARK [0][-]{chapter.12}{Introduction to Significance Tests}{}
\BOOKMARK [1][-]{section.12.1}{The Basics}{chapter.12}
\BOOKMARK [1][-]{section.12.2}{General Testing Based on Normally Distributed Estimators}{chapter.12}
\BOOKMARK [1][-]{section.12.3}{Example: Network Security}{chapter.12}
\BOOKMARK [1][-]{section.12.4}{The Notion of ``p-Values''}{chapter.12}
\BOOKMARK [1][-]{section.12.5}{Example: Bank Data}{chapter.12}
\BOOKMARK [1][-]{section.12.6}{One-Sided HA}{chapter.12}
\BOOKMARK [1][-]{section.12.7}{Exact Tests}{chapter.12}
\BOOKMARK [2][-]{subsection.12.7.1}{Example: Test for Biased Coin}{section.12.7}
\BOOKMARK [2][-]{subsection.12.7.2}{Example: Improved Light Bulbs}{section.12.7}
\BOOKMARK [2][-]{subsection.12.7.3}{Example: Test Based on Range Data}{section.12.7}
\BOOKMARK [2][-]{subsection.12.7.4}{Exact Tests under a Normal Distribution Assumption}{section.12.7}
\BOOKMARK [1][-]{section.12.8}{Don't Speak of ``the Probability That H0 Is True''}{chapter.12}
\BOOKMARK [1][-]{section.12.9}{R Computation}{chapter.12}
\BOOKMARK [1][-]{section.12.10}{The Power of a Test}{chapter.12}
\BOOKMARK [2][-]{subsection.12.10.1}{Example: Coin Fairness}{section.12.10}
\BOOKMARK [2][-]{subsection.12.10.2}{Example: Improved Light Bulbs}{section.12.10}
\BOOKMARK [1][-]{section.12.11}{What's Wrong with Significance Testing\204and What to Do Instead}{chapter.12}
\BOOKMARK [2][-]{subsection.12.11.1}{History of Significance Testing, and Where We Are Today}{section.12.11}
\BOOKMARK [2][-]{subsection.12.11.2}{The Basic Fallacy}{section.12.11}
\BOOKMARK [2][-]{subsection.12.11.3}{You Be the Judge!}{section.12.11}
\BOOKMARK [2][-]{subsection.12.11.4}{What to Do Instead}{section.12.11}
\BOOKMARK [2][-]{subsection.12.11.5}{Decide on the Basis of ``the Preponderance of Evidence''}{section.12.11}
\BOOKMARK [2][-]{subsection.12.11.6}{Example: the Forest Cover Data}{section.12.11}
\BOOKMARK [2][-]{subsection.12.11.7}{Example: Assessing Your Candidate's Chances for Election}{section.12.11}
\BOOKMARK [0][-]{chapter.13}{General Statistical Estimation and Inference}{}
\BOOKMARK [1][-]{section.13.1}{General Methods of Parametric Estimation}{chapter.13}
\BOOKMARK [2][-]{subsection.13.1.1}{Example: Guessing the Number of Raffle Tickets Sold}{section.13.1}
\BOOKMARK [2][-]{subsection.13.1.2}{Method of Moments}{section.13.1}
\BOOKMARK [2][-]{subsection.13.1.3}{Method of Maximum Likelihood}{section.13.1}
\BOOKMARK [2][-]{subsection.13.1.4}{Example: Estimation the Parameters of a Gamma Distribution}{section.13.1}
\BOOKMARK [3][-]{subsubsection.13.1.4.1}{Method of Moments}{subsection.13.1.4}
\BOOKMARK [3][-]{subsubsection.13.1.4.2}{MLEs}{subsection.13.1.4}
\BOOKMARK [3][-]{subsubsection.13.1.4.3}{R's mle\(\) Function}{subsection.13.1.4}
\BOOKMARK [2][-]{subsection.13.1.5}{More Examples}{section.13.1}
\BOOKMARK [2][-]{subsection.13.1.6}{What About Confidence Intervals?}{section.13.1}
\BOOKMARK [1][-]{section.13.2}{Bias and Variance}{chapter.13}
\BOOKMARK [2][-]{subsection.13.2.1}{Bias}{section.13.2}
\BOOKMARK [2][-]{subsection.13.2.2}{Why Divide by n-1 in s2?}{section.13.2}
\BOOKMARK [3][-]{subsubsection.13.2.2.1}{But in This Book, We Divide by n, not n-1 Anyway}{subsection.13.2.2}
\BOOKMARK [2][-]{subsection.13.2.3}{Example of Bias Calculation: Max from U\(0,c\)}{section.13.2}
\BOOKMARK [2][-]{subsection.13.2.4}{Example of Bias Calculation: Gamma Family}{section.13.2}
\BOOKMARK [2][-]{subsection.13.2.5}{Tradeoff Between Variance and Bias}{section.13.2}
\BOOKMARK [1][-]{section.13.3}{Bayesian Methods}{chapter.13}
\BOOKMARK [2][-]{subsection.13.3.1}{How It Works}{section.13.3}
\BOOKMARK [3][-]{subsubsection.13.3.1.1}{Empirical Bayes Methods}{subsection.13.3.1}
\BOOKMARK [2][-]{subsection.13.3.2}{Extent of Usage of Subjective Priors}{section.13.3}
\BOOKMARK [2][-]{subsection.13.3.3}{Arguments Against Use of Subjective Priors}{section.13.3}
\BOOKMARK [2][-]{subsection.13.3.4}{What Would You Do? A Possible Resolution}{section.13.3}
\BOOKMARK [2][-]{subsection.13.3.5}{The Markov Chain Monte Carlo Method}{section.13.3}
\BOOKMARK [2][-]{subsection.13.3.6}{Further Reading}{section.13.3}
\BOOKMARK [0][-]{chapter.14}{Histograms and Beyond: Nonparametric Density Estimation}{}
\BOOKMARK [1][-]{section.14.1}{Basic Ideas in Density Estimation}{chapter.14}
\BOOKMARK [1][-]{section.14.2}{Histograms}{chapter.14}
\BOOKMARK [1][-]{section.14.3}{Kernel-Based Density Estimation}{chapter.14}
\BOOKMARK [1][-]{section.14.4}{Example: Baseball Player Data}{chapter.14}
\BOOKMARK [1][-]{section.14.5}{More on Density Estimation in ggplot2}{chapter.14}
\BOOKMARK [1][-]{section.14.6}{Bias, Variance and Aliasing}{chapter.14}
\BOOKMARK [2][-]{subsection.14.6.1}{Bias vs. Variance}{section.14.6}
\BOOKMARK [2][-]{subsection.14.6.2}{Aliasing}{section.14.6}
\BOOKMARK [1][-]{section.14.7}{Nearest-Neighbor Methods}{chapter.14}
\BOOKMARK [1][-]{section.14.8}{Estimating a cdf}{chapter.14}
\BOOKMARK [1][-]{section.14.9}{Hazard Function Estimation}{chapter.14}
\BOOKMARK [1][-]{section.14.10}{For Further Reading}{chapter.14}
\BOOKMARK [0][-]{chapter.15}{Simultaneous Inference Methods}{}
\BOOKMARK [1][-]{section.15.1}{The Bonferonni Method}{chapter.15}
\BOOKMARK [1][-]{section.15.2}{Scheffe's Method}{chapter.15}
\BOOKMARK [1][-]{section.15.3}{Example}{chapter.15}
\BOOKMARK [1][-]{section.15.4}{Other Methods for Simultaneous Inference}{chapter.15}
\BOOKMARK [0][-]{chapter.16}{Linear Regression}{}
\BOOKMARK [1][-]{section.16.1}{The Goals: Prediction and Description}{chapter.16}
\BOOKMARK [1][-]{section.16.2}{Example Applications: Software Engineering, Networks, Text Mining}{chapter.16}
\BOOKMARK [1][-]{section.16.3}{Adjusting for Covariates}{chapter.16}
\BOOKMARK [1][-]{section.16.4}{What Does ``Relationship'' Really Mean?}{chapter.16}
\BOOKMARK [2][-]{subsection.16.4.1}{Precise Definition}{section.16.4}
\BOOKMARK [2][-]{subsection.16.4.2}{\(Rather Artificial\) Example: Marble Problem}{section.16.4}
\BOOKMARK [1][-]{section.16.5}{Estimating That Relationship from Sample Data}{chapter.16}
\BOOKMARK [2][-]{subsection.16.5.1}{Parametric Models for the Regression Function m\(\)}{section.16.5}
\BOOKMARK [2][-]{subsection.16.5.2}{Estimation in Parametric Regression Models}{section.16.5}
\BOOKMARK [2][-]{subsection.16.5.3}{More on Parametric vs. Nonparametric Models}{section.16.5}
\BOOKMARK [1][-]{section.16.6}{Example: Baseball Data}{chapter.16}
\BOOKMARK [2][-]{subsection.16.6.1}{R Code}{section.16.6}
\BOOKMARK [2][-]{subsection.16.6.2}{A Look through the Output}{section.16.6}
\BOOKMARK [1][-]{section.16.7}{Multiple Regression: More Than One Predictor Variable}{chapter.16}
\BOOKMARK [1][-]{section.16.8}{Example: Baseball Data \(cont'd.\)}{chapter.16}
\BOOKMARK [1][-]{section.16.9}{Interaction Terms}{chapter.16}
\BOOKMARK [1][-]{section.16.10}{Parametric Estimation of Linear Regression Functions}{chapter.16}
\BOOKMARK [2][-]{subsection.16.10.1}{Meaning of ``Linear''}{section.16.10}
\BOOKMARK [2][-]{subsection.16.10.2}{Random-X and Fixed-X Regression}{section.16.10}
\BOOKMARK [2][-]{subsection.16.10.3}{Point Estimates and Matrix Formulation}{section.16.10}
\BOOKMARK [2][-]{subsection.16.10.4}{Approximate Confidence Intervals}{section.16.10}
\BOOKMARK [1][-]{section.16.11}{Example: Baseball Data \(cont'd.\)}{chapter.16}
\BOOKMARK [1][-]{section.16.12}{Dummy Variables}{chapter.16}
\BOOKMARK [1][-]{section.16.13}{Example: Baseball Data \(cont'd.\)}{chapter.16}
\BOOKMARK [1][-]{section.16.14}{What Does It All Mean?\204Effects of Adding Predictors}{chapter.16}
\BOOKMARK [1][-]{section.16.15}{Model Selection}{chapter.16}
\BOOKMARK [2][-]{subsection.16.15.1}{The Overfitting Problem in Regression}{section.16.15}
\BOOKMARK [2][-]{subsection.16.15.2}{Relation to the Bias-vs.-Variance Tradefoff}{section.16.15}
\BOOKMARK [2][-]{subsection.16.15.3}{Multicollinearity}{section.16.15}
\BOOKMARK [2][-]{subsection.16.15.4}{Methods for Predictor Variable Selection}{section.16.15}
\BOOKMARK [3][-]{subsubsection.16.15.4.1}{Hypothesis Testing}{subsection.16.15.4}
\BOOKMARK [3][-]{subsubsection.16.15.4.2}{Confidence Intervals}{subsection.16.15.4}
\BOOKMARK [3][-]{subsubsection.16.15.4.3}{Predictive Ability Indicators}{subsection.16.15.4}
\BOOKMARK [3][-]{subsubsection.16.15.4.4}{The LASSO}{subsection.16.15.4}
\BOOKMARK [2][-]{subsection.16.15.5}{Rough Rules of Thumb}{section.16.15}
\BOOKMARK [1][-]{section.16.16}{Prediction}{chapter.16}
\BOOKMARK [2][-]{subsection.16.16.1}{Height/Weight Age Example}{section.16.16}
\BOOKMARK [2][-]{subsection.16.16.2}{R's predict\(\) Function}{section.16.16}
\BOOKMARK [1][-]{section.16.17}{Example: Turkish Teaching Evaluation Data}{chapter.16}
\BOOKMARK [2][-]{subsection.16.17.1}{The Data}{section.16.17}
\BOOKMARK [2][-]{subsection.16.17.2}{Data Prep}{section.16.17}
\BOOKMARK [2][-]{subsection.16.17.3}{Analysis}{section.16.17}
\BOOKMARK [1][-]{section.16.18}{What About the Assumptions?}{chapter.16}
\BOOKMARK [2][-]{subsection.16.18.1}{Exact Confidence Intervals and Tests}{section.16.18}
\BOOKMARK [2][-]{subsection.16.18.2}{Is the Homoscedasticity Assumption Important?}{section.16.18}
\BOOKMARK [2][-]{subsection.16.18.3}{Regression Diagnostics}{section.16.18}
\BOOKMARK [1][-]{section.16.19}{Case Studies}{chapter.16}
\BOOKMARK [2][-]{subsection.16.19.1}{Example: Prediction of Network RTT}{section.16.19}
\BOOKMARK [2][-]{subsection.16.19.2}{Transformations}{section.16.19}
\BOOKMARK [2][-]{subsection.16.19.3}{Example: OOP Study}{section.16.19}
\BOOKMARK [0][-]{chapter.17}{Classification}{}
\BOOKMARK [1][-]{section.17.1}{Classification = Regression}{chapter.17}
\BOOKMARK [2][-]{subsection.17.1.1}{What Happens with Regression in the Case Y = 0,1?}{section.17.1}
\BOOKMARK [1][-]{section.17.2}{Logistic Regression: a Common Parametric Model for the Regression Function in Classification Problems}{chapter.17}
\BOOKMARK [2][-]{subsection.17.2.1}{The Logistic Model: Motivations}{section.17.2}
\BOOKMARK [2][-]{subsection.17.2.2}{Esimation and Inference for Logit Coefficients}{section.17.2}
\BOOKMARK [1][-]{section.17.3}{Example: Forest Cover Data}{chapter.17}
\BOOKMARK [2][-]{subsubsection.17.3.0.1}{R Code}{section.17.3}
\BOOKMARK [2][-]{subsection.17.3.1}{Analysis of the Results}{section.17.3}
\BOOKMARK [1][-]{section.17.4}{Example: Turkish Teaching Evaluation Data}{chapter.17}
\BOOKMARK [1][-]{section.17.5}{The Multiclass Case}{chapter.17}
\BOOKMARK [1][-]{section.17.6}{Model Selection in Classification}{chapter.17}
\BOOKMARK [1][-]{section.17.7}{What If Y Doesn't Have a Marginal Distribution?}{chapter.17}
\BOOKMARK [1][-]{section.17.8}{Optimality of the Regression Function for 0-1-Valued Y \(optional section\)}{chapter.17}
\BOOKMARK [0][-]{chapter.18}{Nonparametric Estimation of Regression and Classification Functions}{}
\BOOKMARK [1][-]{section.18.1}{Methods Based on Estimating mY;X\(t\)}{chapter.18}
\BOOKMARK [2][-]{subsection.18.1.1}{Nearest-Neighbor Methods}{section.18.1}
\BOOKMARK [2][-]{subsection.18.1.2}{Kernel-Based Methods}{section.18.1}
\BOOKMARK [2][-]{subsection.18.1.3}{The Naive Bayes Method}{section.18.1}
\BOOKMARK [1][-]{section.18.2}{Methods Based on Estimating Classification Boundaries}{chapter.18}
\BOOKMARK [2][-]{subsection.18.2.1}{Support Vector Machines \(SVMs\)}{section.18.2}
\BOOKMARK [2][-]{subsection.18.2.2}{CART}{section.18.2}
\BOOKMARK [1][-]{section.18.3}{Comparison of Methods}{chapter.18}
\BOOKMARK [0][-]{appendix.A}{R Quick Start}{}
\BOOKMARK [1][-]{section.A.1}{Correspondences}{appendix.A}
\BOOKMARK [1][-]{section.A.2}{Starting R}{appendix.A}
\BOOKMARK [1][-]{section.A.3}{First Sample Programming Session}{appendix.A}
\BOOKMARK [1][-]{section.A.4}{Second Sample Programming Session}{appendix.A}
\BOOKMARK [1][-]{section.A.5}{Third Sample Programming Session}{appendix.A}
\BOOKMARK [1][-]{section.A.6}{Default Argument Values}{appendix.A}
\BOOKMARK [1][-]{section.A.7}{The R List Type}{appendix.A}
\BOOKMARK [2][-]{subsection.A.7.1}{The Basics}{section.A.7}
\BOOKMARK [2][-]{subsection.A.7.2}{The Reduce\(\) Function}{section.A.7}
\BOOKMARK [2][-]{subsection.A.7.3}{S3 Classes}{section.A.7}
\BOOKMARK [2][-]{subsection.A.7.4}{Handy Utilities}{section.A.7}
\BOOKMARK [1][-]{section.A.8}{Data Frames}{appendix.A}
\BOOKMARK [1][-]{section.A.9}{Graphics}{appendix.A}
\BOOKMARK [1][-]{section.A.10}{Packages}{appendix.A}
\BOOKMARK [1][-]{section.A.11}{Other Sources for Learning R}{appendix.A}
\BOOKMARK [1][-]{section.A.12}{Online Help}{appendix.A}
\BOOKMARK [1][-]{section.A.13}{Debugging in R}{appendix.A}
\BOOKMARK [1][-]{section.A.14}{Complex Numbers}{appendix.A}
\BOOKMARK [1][-]{section.A.15}{Further Reading}{appendix.A}
\BOOKMARK [0][-]{appendix.B}{Review of Matrix Algebra}{}
\BOOKMARK [1][-]{section.B.1}{Terminology and Notation}{appendix.B}
\BOOKMARK [2][-]{subsection.B.1.1}{Matrix Addition and Multiplication}{section.B.1}
\BOOKMARK [1][-]{section.B.2}{Matrix Transpose}{appendix.B}
\BOOKMARK [1][-]{section.B.3}{Linear Independence}{appendix.B}
\BOOKMARK [1][-]{section.B.4}{Determinants}{appendix.B}
\BOOKMARK [1][-]{section.B.5}{Matrix Inverse}{appendix.B}
\BOOKMARK [1][-]{section.B.6}{Eigenvalues and Eigenvectors}{appendix.B}
\BOOKMARK [1][-]{section.B.7}{Matrix Algebra in R}{appendix.B}
\BOOKMARK [0][-]{appendix.C}{Introduction to the ggplot2 Graphics Package}{}
\BOOKMARK [1][-]{section.C.1}{Introduction}{appendix.C}
\BOOKMARK [1][-]{section.C.2}{Installation and Use}{appendix.C}
\BOOKMARK [1][-]{section.C.3}{Basic Structures}{appendix.C}
\BOOKMARK [1][-]{section.C.4}{Example: Simple Line Graphs}{appendix.C}
\BOOKMARK [1][-]{section.C.5}{Example: Census Data}{appendix.C}
\BOOKMARK [1][-]{section.C.6}{Function Plots, Density Estimates and Smoothing}{appendix.C}
\BOOKMARK [1][-]{section.C.7}{What's Going on Inside}{appendix.C}
\BOOKMARK [1][-]{section.C.8}{For Further Information}{appendix.C}
